
Oct 25, 2021 16:50:10.402 NEW SESSION
Oct 25, 2021 16:50:10.402 [7364:5380:1025/165010.399:ERROR:chrome_browser_main_extra_parts_metrics.cc(228)] crbug.com/1216328: Checking Bluetooth availability started. Please report if there is no report that this ends.
Oct 25, 2021 16:50:10.403 [7364:5380:1025/165010.400:ERROR:chrome_browser_main_extra_parts_metrics.cc(231)] crbug.com/1216328: Checking Bluetooth availability ended.
Oct 25, 2021 16:50:10.404 [7364:5380:1025/165010.400:ERROR:chrome_browser_main_extra_parts_metrics.cc(234)] crbug.com/1216328: Checking default browser status started. Please report if there is no report that this ends.
Oct 25, 2021 16:50:10.405 [7364:5380:1025/165010.402:ERROR:chrome_browser_main_extra_parts_metrics.cc(238)] crbug.com/1216328: Checking default browser status ended.
Oct 25, 2021 16:50:10.407 [7364:9796:1025/165010.406:ERROR:device_event_log_impl.cc(214)] [16:50:10.405] USB: usb_device_handle_win.cc:1048 Failed to read descriptor from node connection: A device attached to the system is not functioning. (0x1F)
Oct 25, 2021 16:50:10.411 [7364:9796:1025/165010.406:ERROR:device_event_log_impl.cc(214)] [16:50:10.406] USB: usb_device_handle_win.cc:1048 Failed to read descriptor from node connection: A device attached to the system is not functioning. (0x1F)
Oct 25, 2021 16:50:10.413 [7364:9796:1025/165010.406:ERROR:device_event_log_impl.cc(214)] [16:50:10.406] USB: usb_device_handle_win.cc:1048 Failed to read descriptor from node connection: A device attached to the system is not functioning. (0x1F)
Oct 25, 2021 16:51:25.291 [2880:6716:1025/165125.291:ERROR:chrome_browser_main_extra_parts_metrics.cc(228)] crbug.com/1216328: Checking Bluetooth availability started. Please report if there is no report that this ends.
Oct 25, 2021 16:51:25.292 [2880:6716:1025/165125.291:ERROR:chrome_browser_main_extra_parts_metrics.cc(231)] crbug.com/1216328: Checking Bluetooth availability ended.
Oct 25, 2021 16:51:25.292 [2880:6716:1025/165125.291:ERROR:chrome_browser_main_extra_parts_metrics.cc(234)] crbug.com/1216328: Checking default browser status started. Please report if there is no report that this ends.
Oct 25, 2021 16:51:25.292 [2880:6716:1025/165125.292:ERROR:chrome_browser_main_extra_parts_metrics.cc(238)] crbug.com/1216328: Checking default browser status ended.
Oct 25, 2021 16:51:25.294 [2880:2628:1025/165125.293:ERROR:device_event_log_impl.cc(214)] [16:51:25.293] USB: usb_device_handle_win.cc:1048 Failed to read descriptor from node connection: A device attached to the system is not functioning. (0x1F)
Oct 25, 2021 16:51:25.294 [2880:2628:1025/165125.294:ERROR:device_event_log_impl.cc(214)] [16:51:25.294] USB: usb_device_handle_win.cc:1048 Failed to read descriptor from node connection: A device attached to the system is not functioning. (0x1F)
Oct 25, 2021 16:51:25.294 [2880:2628:1025/165125.294:ERROR:device_event_log_impl.cc(214)] [16:51:25.294] USB: usb_device_handle_win.cc:1048 Failed to read descriptor from node connection: A device attached to the system is not functioning. (0x1F)

Dec 04, 2021 22:46:36.411 NEW SESSION
Dec 04, 2021 22:46:36.412 [8832:15952:1204/224636.386:ERROR:chrome_browser_main_extra_parts_metrics.cc(226)] crbug.com/1216328: Checking Bluetooth availability started. Please report if there is no report that this ends.
Dec 04, 2021 22:46:36.412 [8832:15952:1204/224636.386:ERROR:chrome_browser_main_extra_parts_metrics.cc(229)] crbug.com/1216328: Checking Bluetooth availability ended.
Dec 04, 2021 22:46:36.412 [8832:15952:1204/224636.386:ERROR:chrome_browser_main_extra_parts_metrics.cc(232)] crbug.com/1216328: Checking default browser status started. Please report if there is no report that this ends.
Dec 04, 2021 22:46:36.412 [8832:15952:1204/224636.387:ERROR:chrome_browser_main_extra_parts_metrics.cc(236)] crbug.com/1216328: Checking default browser status ended.
Dec 04, 2021 22:46:36.413 [8832:14700:1204/224636.389:ERROR:device_event_log_impl.cc(214)] [22:46:36.389] USB: usb_device_handle_win.cc:1048 Failed to read descriptor from node connection: A device attached to the system is not functioning. (0x1F)
Dec 04, 2021 22:46:36.413 [8832:14700:1204/224636.390:ERROR:device_event_log_impl.cc(214)] [22:46:36.390] USB: usb_device_handle_win.cc:1048 Failed to read descriptor from node connection: A device attached to the system is not functioning. (0x1F)
Dec 04, 2021 22:46:36.413 [8832:14700:1204/224636.391:ERROR:device_event_log_impl.cc(214)] [22:46:36.391] USB: usb_device_handle_win.cc:1048 Failed to read descriptor from node connection: A device attached to the system is not functioning. (0x1F)
Dec 04, 2021 22:46:36.413 [8832:14700:1204/224636.391:ERROR:device_event_log_impl.cc(214)] [22:46:36.391] USB: usb_device_handle_win.cc:1048 Failed to read descriptor from node connection: A device attached to the system is not functioning. (0x1F)

Dec 23, 2021 14:25:30.773 NEW SESSION
Dec 23, 2021 14:25:30.773 [1260:17212:1223/142530.771:ERROR:chrome_browser_main_extra_parts_metrics.cc(226)] crbug.com/1216328: Checking Bluetooth availability started. Please report if there is no report that this ends.
Dec 23, 2021 14:25:30.773 [1260:17212:1223/142530.771:ERROR:chrome_browser_main_extra_parts_metrics.cc(229)] crbug.com/1216328: Checking Bluetooth availability ended.
Dec 23, 2021 14:25:30.774 [1260:17212:1223/142530.771:ERROR:chrome_browser_main_extra_parts_metrics.cc(232)] crbug.com/1216328: Checking default browser status started. Please report if there is no report that this ends.
Dec 23, 2021 14:25:30.774 [1260:17212:1223/142530.772:ERROR:chrome_browser_main_extra_parts_metrics.cc(236)] crbug.com/1216328: Checking default browser status ended.
Dec 23, 2021 14:25:30.775 [1260:7064:1223/142530.774:ERROR:device_event_log_impl.cc(214)] [14:25:30.774] USB: usb_device_handle_win.cc:1048 Failed to read descriptor from node connection: A device attached to the system is not functioning. (0x1F)
Dec 23, 2021 14:25:30.785 [1260:7064:1223/142530.785:ERROR:device_event_log_impl.cc(214)] [14:25:30.785] USB: usb_device_handle_win.cc:1048 Failed to read descriptor from node connection: A device attached to the system is not functioning. (0x1F)
Dec 23, 2021 14:25:30.786 [1260:7064:1223/142530.785:ERROR:device_event_log_impl.cc(214)] [14:25:30.785] USB: usb_device_handle_win.cc:1048 Failed to read descriptor from node connection: A device attached to the system is not functioning. (0x1F)
Dec 23, 2021 14:26:06.556 [8684:18820:1223/142606.555:ERROR:chrome_browser_main_extra_parts_metrics.cc(226)] crbug.com/1216328: Checking Bluetooth availability started. Please report if there is no report that this ends.
Dec 23, 2021 14:26:06.556 [8684:18820:1223/142606.555:ERROR:chrome_browser_main_extra_parts_metrics.cc(229)] crbug.com/1216328: Checking Bluetooth availability ended.
Dec 23, 2021 14:26:06.557 [8684:18820:1223/142606.555:ERROR:chrome_browser_main_extra_parts_metrics.cc(232)] crbug.com/1216328: Checking default browser status started. Please report if there is no report that this ends.
Dec 23, 2021 14:26:06.557 [8684:18820:1223/142606.556:ERROR:chrome_browser_main_extra_parts_metrics.cc(236)] crbug.com/1216328: Checking default browser status ended.
Dec 23, 2021 14:26:06.559 [8684:18788:1223/142606.559:ERROR:device_event_log_impl.cc(214)] [14:26:06.559] USB: usb_device_handle_win.cc:1048 Failed to read descriptor from node connection: A device attached to the system is not functioning. (0x1F)
Dec 23, 2021 14:26:06.560 [8684:18788:1223/142606.560:ERROR:device_event_log_impl.cc(214)] [14:26:06.560] USB: usb_device_handle_win.cc:1048 Failed to read descriptor from node connection: A device attached to the system is not functioning. (0x1F)

Dec 28, 2021 14:46:44.366 NEW SESSION
Dec 28, 2021 14:46:44.366 [11588:3732:1228/144644.341:ERROR:chrome_browser_main_extra_parts_metrics.cc(226)] crbug.com/1216328: Checking Bluetooth availability started. Please report if there is no report that this ends.
Dec 28, 2021 14:46:44.368 [11588:3732:1228/144644.341:ERROR:chrome_browser_main_extra_parts_metrics.cc(229)] crbug.com/1216328: Checking Bluetooth availability ended.
Dec 28, 2021 14:46:44.368 [11588:3732:1228/144644.341:ERROR:chrome_browser_main_extra_parts_metrics.cc(232)] crbug.com/1216328: Checking default browser status started. Please report if there is no report that this ends.
Dec 28, 2021 14:46:44.369 [11588:3732:1228/144644.342:ERROR:chrome_browser_main_extra_parts_metrics.cc(236)] crbug.com/1216328: Checking default browser status ended.
Dec 28, 2021 14:46:44.369 [11588:12316:1228/144644.346:ERROR:device_event_log_impl.cc(214)] [14:46:44.346] USB: usb_device_handle_win.cc:1048 Failed to read descriptor from node connection: A device attached to the system is not functioning. (0x1F)
Dec 28, 2021 14:46:44.369 [11588:12316:1228/144644.347:ERROR:device_event_log_impl.cc(214)] [14:46:44.346] USB: usb_device_handle_win.cc:1048 Failed to read descriptor from node connection: A device attached to the system is not functioning. (0x1F)
Dec 28, 2021 14:55:58.487 [12720:876:1228/145558.487:ERROR:chrome_browser_main_extra_parts_metrics.cc(226)] crbug.com/1216328: Checking Bluetooth availability started. Please report if there is no report that this ends.
Dec 28, 2021 14:55:58.488 [12720:876:1228/145558.487:ERROR:chrome_browser_main_extra_parts_metrics.cc(229)] crbug.com/1216328: Checking Bluetooth availability ended.
Dec 28, 2021 14:55:58.488 [12720:876:1228/145558.487:ERROR:chrome_browser_main_extra_parts_metrics.cc(232)] crbug.com/1216328: Checking default browser status started. Please report if there is no report that this ends.
Dec 28, 2021 14:55:58.488 [12720:876:1228/145558.488:ERROR:chrome_browser_main_extra_parts_metrics.cc(236)] crbug.com/1216328: Checking default browser status ended.
Dec 28, 2021 14:55:58.492 [12720:2300:1228/145558.492:ERROR:device_event_log_impl.cc(214)] [14:55:58.493] USB: usb_device_handle_win.cc:1048 Failed to read descriptor from node connection: A device attached to the system is not functioning. (0x1F)
Dec 28, 2021 14:55:58.493 [12720:2300:1228/145558.492:ERROR:device_event_log_impl.cc(214)] [14:55:58.493] USB: usb_device_handle_win.cc:1048 Failed to read descriptor from node connection: A device attached to the system is not functioning. (0x1F)
Dec 28, 2021 14:55:58.493 [12720:2300:1228/145558.493:ERROR:device_event_log_impl.cc(214)] [14:55:58.493] USB: usb_device_handle_win.cc:1048 Failed to read descriptor from node connection: A device attached to the system is not functioning. (0x1F)
Dec 28, 2021 15:00:12.131 [3668:4508:1228/150012.131:ERROR:chrome_browser_main_extra_parts_metrics.cc(226)] crbug.com/1216328: Checking Bluetooth availability started. Please report if there is no report that this ends.
Dec 28, 2021 15:00:12.131 [3668:4508:1228/150012.131:ERROR:chrome_browser_main_extra_parts_metrics.cc(229)] crbug.com/1216328: Checking Bluetooth availability ended.
Dec 28, 2021 15:00:12.132 [3668:4508:1228/150012.131:ERROR:chrome_browser_main_extra_parts_metrics.cc(232)] crbug.com/1216328: Checking default browser status started. Please report if there is no report that this ends.
Dec 28, 2021 15:00:12.132 [3668:4508:1228/150012.132:ERROR:chrome_browser_main_extra_parts_metrics.cc(236)] crbug.com/1216328: Checking default browser status ended.
Dec 28, 2021 15:00:12.156 [3668:5720:1228/150012.134:ERROR:device_event_log_impl.cc(214)] [15:00:12.133] USB: usb_device_handle_win.cc:1048 Failed to read descriptor from node connection: A device attached to the system is not functioning. (0x1F)
Dec 28, 2021 15:00:12.156 [3668:5720:1228/150012.135:ERROR:device_event_log_impl.cc(214)] [15:00:12.134] USB: usb_device_handle_win.cc:1048 Failed to read descriptor from node connection: A device attached to the system is not functioning. (0x1F)
Dec 28, 2021 15:00:12.156 [3668:5720:1228/150012.135:ERROR:device_event_log_impl.cc(214)] [15:00:12.134] USB: usb_device_handle_win.cc:1048 Failed to read descriptor from node connection: A device attached to the system is not functioning. (0x1F)
Dec 28, 2021 15:01:19.811 [8592:4292:1228/150119.811:ERROR:chrome_browser_main_extra_parts_metrics.cc(226)] crbug.com/1216328: Checking Bluetooth availability started. Please report if there is no report that this ends.
Dec 28, 2021 15:01:19.811 [8592:4292:1228/150119.811:ERROR:chrome_browser_main_extra_parts_metrics.cc(229)] crbug.com/1216328: Checking Bluetooth availability ended.
Dec 28, 2021 15:01:19.812 [8592:4292:1228/150119.811:ERROR:chrome_browser_main_extra_parts_metrics.cc(232)] crbug.com/1216328: Checking default browser status started. Please report if there is no report that this ends.
Dec 28, 2021 15:01:19.812 [8592:4292:1228/150119.812:ERROR:chrome_browser_main_extra_parts_metrics.cc(236)] crbug.com/1216328: Checking default browser status ended.
Dec 28, 2021 15:01:19.816 [8592:2324:1228/150119.815:ERROR:device_event_log_impl.cc(214)] [15:01:19.815] USB: usb_device_handle_win.cc:1048 Failed to read descriptor from node connection: A device attached to the system is not functioning. (0x1F)
Dec 28, 2021 15:01:19.816 [8592:2324:1228/150119.816:ERROR:device_event_log_impl.cc(214)] [15:01:19.816] USB: usb_device_handle_win.cc:1048 Failed to read descriptor from node connection: A device attached to the system is not functioning. (0x1F)
Dec 28, 2021 15:01:19.817 [8592:2324:1228/150119.816:ERROR:device_event_log_impl.cc(214)] [15:01:19.816] USB: usb_device_handle_win.cc:1048 Failed to read descriptor from node connection: A device attached to the system is not functioning. (0x1F)
Dec 28, 2021 15:07:32.372 [9932:2384:1228/150732.371:ERROR:chrome_browser_main_extra_parts_metrics.cc(226)] crbug.com/1216328: Checking Bluetooth availability started. Please report if there is no report that this ends.
Dec 28, 2021 15:07:32.373 [9932:2384:1228/150732.371:ERROR:chrome_browser_main_extra_parts_metrics.cc(229)] crbug.com/1216328: Checking Bluetooth availability ended.
Dec 28, 2021 15:07:32.374 [9932:2384:1228/150732.371:ERROR:chrome_browser_main_extra_parts_metrics.cc(232)] crbug.com/1216328: Checking default browser status started. Please report if there is no report that this ends.
Dec 28, 2021 15:07:32.376 [9932:2384:1228/150732.375:ERROR:chrome_browser_main_extra_parts_metrics.cc(236)] crbug.com/1216328: Checking default browser status ended.
Dec 28, 2021 15:07:32.382 [9932:9732:1228/150732.381:ERROR:device_event_log_impl.cc(214)] [15:07:32.382] USB: usb_device_handle_win.cc:1048 Failed to read descriptor from node connection: A device attached to the system is not functioning. (0x1F)
Dec 28, 2021 15:07:32.383 [9932:9732:1228/150732.383:ERROR:device_event_log_impl.cc(214)] [15:07:32.383] USB: usb_device_handle_win.cc:1048 Failed to read descriptor from node connection: A device attached to the system is not functioning. (0x1F)
Dec 28, 2021 15:07:32.384 [9932:9732:1228/150732.383:ERROR:device_event_log_impl.cc(214)] [15:07:32.384] USB: usb_device_handle_win.cc:1048 Failed to read descriptor from node connection: A device attached to the system is not functioning. (0x1F)
Dec 28, 2021 15:08:15.290 [1812:9260:1228/150815.290:ERROR:chrome_browser_main_extra_parts_metrics.cc(226)] crbug.com/1216328: Checking Bluetooth availability started. Please report if there is no report that this ends.
Dec 28, 2021 15:08:15.290 [1812:9260:1228/150815.290:ERROR:chrome_browser_main_extra_parts_metrics.cc(229)] crbug.com/1216328: Checking Bluetooth availability ended.
Dec 28, 2021 15:08:15.291 [1812:9260:1228/150815.290:ERROR:chrome_browser_main_extra_parts_metrics.cc(232)] crbug.com/1216328: Checking default browser status started. Please report if there is no report that this ends.
Dec 28, 2021 15:08:15.291 [1812:9260:1228/150815.291:ERROR:chrome_browser_main_extra_parts_metrics.cc(236)] crbug.com/1216328: Checking default browser status ended.
Dec 28, 2021 15:08:15.294 [1812:9052:1228/150815.293:ERROR:device_event_log_impl.cc(214)] [15:08:15.294] USB: usb_device_handle_win.cc:1048 Failed to read descriptor from node connection: A device attached to the system is not functioning. (0x1F)
Dec 28, 2021 15:08:15.294 [1812:9052:1228/150815.294:ERROR:device_event_log_impl.cc(214)] [15:08:15.294] USB: usb_device_handle_win.cc:1048 Failed to read descriptor from node connection: A device attached to the system is not functioning. (0x1F)
Dec 28, 2021 15:08:15.295 [1812:9052:1228/150815.295:ERROR:device_event_log_impl.cc(214)] [15:08:15.295] USB: usb_device_handle_win.cc:1048 Failed to read descriptor from node connection: A device attached to the system is not functioning. (0x1F)
Dec 28, 2021 15:16:41.614 [8532:12164:1228/151641.614:ERROR:chrome_browser_main_extra_parts_metrics.cc(226)] crbug.com/1216328: Checking Bluetooth availability started. Please report if there is no report that this ends.
Dec 28, 2021 15:16:41.614 [8532:12164:1228/151641.614:ERROR:chrome_browser_main_extra_parts_metrics.cc(229)] crbug.com/1216328: Checking Bluetooth availability ended.
Dec 28, 2021 15:16:41.614 [8532:12164:1228/151641.614:ERROR:chrome_browser_main_extra_parts_metrics.cc(232)] crbug.com/1216328: Checking default browser status started. Please report if there is no report that this ends.
Dec 28, 2021 15:16:41.615 [8532:12164:1228/151641.615:ERROR:chrome_browser_main_extra_parts_metrics.cc(236)] crbug.com/1216328: Checking default browser status ended.
Dec 28, 2021 15:16:41.617 [8532:12264:1228/151641.617:ERROR:device_event_log_impl.cc(214)] [15:16:41.617] USB: usb_device_handle_win.cc:1048 Failed to read descriptor from node connection: A device attached to the system is not functioning. (0x1F)
Dec 28, 2021 15:16:41.618 [8532:12264:1228/151641.618:ERROR:device_event_log_impl.cc(214)] [15:16:41.618] USB: usb_device_handle_win.cc:1048 Failed to read descriptor from node connection: A device attached to the system is not functioning. (0x1F)
Dec 28, 2021 15:16:41.619 [8532:12264:1228/151641.618:ERROR:device_event_log_impl.cc(214)] [15:16:41.618] USB: usb_device_handle_win.cc:1048 Failed to read descriptor from node connection: A device attached to the system is not functioning. (0x1F)
Dec 28, 2021 15:16:43.608 [8532:12264:1228/151643.607:ERROR:interface_endpoint_client.cc(658)] Message 0 rejected by interface blink.mojom.WidgetHost
Dec 28, 2021 15:22:28.342 [1604:10884:1228/152228.342:ERROR:chrome_browser_main_extra_parts_metrics.cc(226)] crbug.com/1216328: Checking Bluetooth availability started. Please report if there is no report that this ends.
Dec 28, 2021 15:22:28.342 [1604:10884:1228/152228.342:ERROR:chrome_browser_main_extra_parts_metrics.cc(229)] crbug.com/1216328: Checking Bluetooth availability ended.
Dec 28, 2021 15:22:28.343 [1604:10884:1228/152228.342:ERROR:chrome_browser_main_extra_parts_metrics.cc(232)] crbug.com/1216328: Checking default browser status started. Please report if there is no report that this ends.
Dec 28, 2021 15:22:28.343 [1604:10884:1228/152228.343:ERROR:chrome_browser_main_extra_parts_metrics.cc(236)] crbug.com/1216328: Checking default browser status ended.
Dec 28, 2021 15:22:28.346 [1604:6852:1228/152228.346:ERROR:device_event_log_impl.cc(214)] [15:22:28.346] USB: usb_device_handle_win.cc:1048 Failed to read descriptor from node connection: A device attached to the system is not functioning. (0x1F)
Dec 28, 2021 15:22:28.347 [1604:6852:1228/152228.347:ERROR:device_event_log_impl.cc(214)] [15:22:28.347] USB: usb_device_handle_win.cc:1048 Failed to read descriptor from node connection: A device attached to the system is not functioning. (0x1F)
Dec 28, 2021 15:22:28.347 [1604:6852:1228/152228.347:ERROR:device_event_log_impl.cc(214)] [15:22:28.347] USB: usb_device_handle_win.cc:1048 Failed to read descriptor from node connection: A device attached to the system is not functioning. (0x1F)
Dec 28, 2021 15:22:44.178 [10296:7876:1228/152244.178:ERROR:chrome_browser_main_extra_parts_metrics.cc(226)] crbug.com/1216328: Checking Bluetooth availability started. Please report if there is no report that this ends.
Dec 28, 2021 15:22:44.178 [10296:7876:1228/152244.178:ERROR:chrome_browser_main_extra_parts_metrics.cc(229)] crbug.com/1216328: Checking Bluetooth availability ended.
Dec 28, 2021 15:22:44.179 [10296:7876:1228/152244.178:ERROR:chrome_browser_main_extra_parts_metrics.cc(232)] crbug.com/1216328: Checking default browser status started. Please report if there is no report that this ends.
Dec 28, 2021 15:22:44.179 [10296:7876:1228/152244.179:ERROR:chrome_browser_main_extra_parts_metrics.cc(236)] crbug.com/1216328: Checking default browser status ended.
Dec 28, 2021 15:22:44.181 [10296:2160:1228/152244.181:ERROR:device_event_log_impl.cc(214)] [15:22:44.181] USB: usb_device_handle_win.cc:1048 Failed to read descriptor from node connection: A device attached to the system is not functioning. (0x1F)
Dec 28, 2021 15:22:44.183 [10296:2160:1228/152244.182:ERROR:device_event_log_impl.cc(214)] [15:22:44.182] USB: usb_device_handle_win.cc:1048 Failed to read descriptor from node connection: A device attached to the system is not functioning. (0x1F)
Dec 28, 2021 15:22:44.183 [10296:2160:1228/152244.183:ERROR:device_event_log_impl.cc(214)] [15:22:44.182] USB: usb_device_handle_win.cc:1048 Failed to read descriptor from node connection: A device attached to the system is not functioning. (0x1F)

Dec 28, 2021 22:13:22.112 NEW SESSION
Dec 28, 2021 22:13:22.112 [6080:9900:1228/221322.086:ERROR:chrome_browser_main_extra_parts_metrics.cc(226)] crbug.com/1216328: Checking Bluetooth availability started. Please report if there is no report that this ends.
Dec 28, 2021 22:13:22.114 [6080:9900:1228/221322.086:ERROR:chrome_browser_main_extra_parts_metrics.cc(229)] crbug.com/1216328: Checking Bluetooth availability ended.
Dec 28, 2021 22:13:22.114 [6080:9900:1228/221322.086:ERROR:chrome_browser_main_extra_parts_metrics.cc(232)] crbug.com/1216328: Checking default browser status started. Please report if there is no report that this ends.
Dec 28, 2021 22:13:22.114 [6080:9900:1228/221322.087:ERROR:chrome_browser_main_extra_parts_metrics.cc(236)] crbug.com/1216328: Checking default browser status ended.
Dec 28, 2021 22:13:22.115 [6080:8732:1228/221322.090:ERROR:device_event_log_impl.cc(214)] [22:13:22.090] USB: usb_device_handle_win.cc:1048 Failed to read descriptor from node connection: A device attached to the system is not functioning. (0x1F)
Dec 28, 2021 22:13:22.115 [6080:8732:1228/221322.091:ERROR:device_event_log_impl.cc(214)] [22:13:22.092] USB: usb_device_handle_win.cc:1048 Failed to read descriptor from node connection: A device attached to the system is not functioning. (0x1F)
Dec 28, 2021 22:13:22.115 [6080:8732:1228/221322.091:ERROR:device_event_log_impl.cc(214)] [22:13:22.092] USB: usb_device_handle_win.cc:1048 Failed to read descriptor from node connection: A device attached to the system is not functioning. (0x1F)
Dec 28, 2021 22:13:22.116 [6080:8732:1228/221322.092:ERROR:device_event_log_impl.cc(214)] [22:13:22.092] USB: usb_device_handle_win.cc:1048 Failed to read descriptor from node connection: A device attached to the system is not functioning. (0x1F)
Dec 28, 2021 22:13:49.437 [3264:9632:1228/221349.436:ERROR:get_updates_processor.cc(260)] PostClientToServerMessage() failed during GetUpdates with error 2
Dec 28, 2021 22:13:54.792 [7372:9364:1228/221354.791:ERROR:get_updates_processor.cc(260)] PostClientToServerMessage() failed during GetUpdates with error 2

Dec 29, 2021 14:45:40.982 NEW SESSION
Dec 29, 2021 14:45:40.982 [13976:876:1229/144540.980:ERROR:chrome_browser_main_extra_parts_metrics.cc(226)] crbug.com/1216328: Checking Bluetooth availability started. Please report if there is no report that this ends.
Dec 29, 2021 14:45:40.983 [13976:876:1229/144540.980:ERROR:chrome_browser_main_extra_parts_metrics.cc(229)] crbug.com/1216328: Checking Bluetooth availability ended.
Dec 29, 2021 14:45:40.984 [13976:876:1229/144540.980:ERROR:chrome_browser_main_extra_parts_metrics.cc(232)] crbug.com/1216328: Checking default browser status started. Please report if there is no report that this ends.
Dec 29, 2021 14:45:40.984 [13976:876:1229/144540.982:ERROR:chrome_browser_main_extra_parts_metrics.cc(236)] crbug.com/1216328: Checking default browser status ended.
Dec 29, 2021 14:45:40.985 [13976:13956:1229/144540.983:ERROR:device_event_log_impl.cc(214)] [14:45:40.984] USB: usb_device_handle_win.cc:1048 Failed to read descriptor from node connection: A device attached to the system is not functioning. (0x1F)
Dec 29, 2021 14:45:40.985 [13976:13956:1229/144540.984:ERROR:device_event_log_impl.cc(214)] [14:45:40.984] USB: usb_device_handle_win.cc:1048 Failed to read descriptor from node connection: A device attached to the system is not functioning. (0x1F)
Dec 29, 2021 14:45:40.986 [13976:13956:1229/144540.984:ERROR:device_event_log_impl.cc(214)] [14:45:40.985] USB: usb_device_handle_win.cc:1048 Failed to read descriptor from node connection: A device attached to the system is not functioning. (0x1F)
Dec 29, 2021 14:45:40.986 [13976:13956:1229/144540.985:ERROR:device_event_log_impl.cc(214)] [14:45:40.985] USB: usb_device_handle_win.cc:1048 Failed to read descriptor from node connection: A device attached to the system is not functioning. (0x1F)
Dec 29, 2021 14:47:18.14 [5540:3268:1229/144718.014:ERROR:chrome_browser_main_extra_parts_metrics.cc(226)] crbug.com/1216328: Checking Bluetooth availability started. Please report if there is no report that this ends.
Dec 29, 2021 14:47:18.14 [5540:3268:1229/144718.014:ERROR:chrome_browser_main_extra_parts_metrics.cc(229)] crbug.com/1216328: Checking Bluetooth availability ended.
Dec 29, 2021 14:47:18.15 [5540:3268:1229/144718.014:ERROR:chrome_browser_main_extra_parts_metrics.cc(232)] crbug.com/1216328: Checking default browser status started. Please report if there is no report that this ends.
Dec 29, 2021 14:47:18.15 [5540:3268:1229/144718.015:ERROR:chrome_browser_main_extra_parts_metrics.cc(236)] crbug.com/1216328: Checking default browser status ended.
Dec 29, 2021 14:47:18.18 [5540:7924:1229/144718.017:ERROR:device_event_log_impl.cc(214)] [14:47:18.016] USB: usb_device_handle_win.cc:1048 Failed to read descriptor from node connection: A device attached to the system is not functioning. (0x1F)
Dec 29, 2021 14:47:18.18 [5540:7924:1229/144718.018:ERROR:device_event_log_impl.cc(214)] [14:47:18.017] USB: usb_device_handle_win.cc:1048 Failed to read descriptor from node connection: A device attached to the system is not functioning. (0x1F)
Dec 29, 2021 14:47:18.18 [5540:7924:1229/144718.018:ERROR:device_event_log_impl.cc(214)] [14:47:18.017] USB: usb_device_handle_win.cc:1048 Failed to read descriptor from node connection: A device attached to the system is not functioning. (0x1F)
Dec 29, 2021 14:47:32.356 [2512:11808:1229/144732.355:ERROR:chrome_browser_main_extra_parts_metrics.cc(226)] crbug.com/1216328: Checking Bluetooth availability started. Please report if there is no report that this ends.
Dec 29, 2021 14:47:32.356 [2512:11808:1229/144732.355:ERROR:chrome_browser_main_extra_parts_metrics.cc(229)] crbug.com/1216328: Checking Bluetooth availability ended.
Dec 29, 2021 14:47:32.356 [2512:11808:1229/144732.355:ERROR:chrome_browser_main_extra_parts_metrics.cc(232)] crbug.com/1216328: Checking default browser status started. Please report if there is no report that this ends.
Dec 29, 2021 14:47:32.357 [2512:11808:1229/144732.357:ERROR:chrome_browser_main_extra_parts_metrics.cc(236)] crbug.com/1216328: Checking default browser status ended.
Dec 29, 2021 14:47:32.359 [2512:12596:1229/144732.358:ERROR:device_event_log_impl.cc(214)] [14:47:32.359] USB: usb_device_handle_win.cc:1048 Failed to read descriptor from node connection: A device attached to the system is not functioning. (0x1F)
Dec 29, 2021 14:47:32.359 [2512:12596:1229/144732.359:ERROR:device_event_log_impl.cc(214)] [14:47:32.359] USB: usb_device_handle_win.cc:1048 Failed to read descriptor from node connection: A device attached to the system is not functioning. (0x1F)
Dec 29, 2021 14:47:32.360 [2512:12596:1229/144732.359:ERROR:device_event_log_impl.cc(214)] [14:47:32.360] USB: usb_device_handle_win.cc:1048 Failed to read descriptor from node connection: A device attached to the system is not functioning. (0x1F)
Dec 29, 2021 14:47:49.618 [5112:4688:1229/144749.618:ERROR:chrome_browser_main_extra_parts_metrics.cc(226)] crbug.com/1216328: Checking Bluetooth availability started. Please report if there is no report that this ends.
Dec 29, 2021 14:47:49.618 [5112:4688:1229/144749.618:ERROR:chrome_browser_main_extra_parts_metrics.cc(229)] crbug.com/1216328: Checking Bluetooth availability ended.
Dec 29, 2021 14:47:49.619 [5112:4688:1229/144749.618:ERROR:chrome_browser_main_extra_parts_metrics.cc(232)] crbug.com/1216328: Checking default browser status started. Please report if there is no report that this ends.
Dec 29, 2021 14:47:49.619 [5112:4688:1229/144749.619:ERROR:chrome_browser_main_extra_parts_metrics.cc(236)] crbug.com/1216328: Checking default browser status ended.
Dec 29, 2021 14:47:49.621 [5112:504:1229/144749.621:ERROR:device_event_log_impl.cc(214)] [14:47:49.621] USB: usb_device_handle_win.cc:1048 Failed to read descriptor from node connection: A device attached to the system is not functioning. (0x1F)
Dec 29, 2021 14:47:49.622 [5112:504:1229/144749.621:ERROR:device_event_log_impl.cc(214)] [14:47:49.622] USB: usb_device_handle_win.cc:1048 Failed to read descriptor from node connection: A device attached to the system is not functioning. (0x1F)
Dec 29, 2021 14:47:49.623 [5112:504:1229/144749.622:ERROR:device_event_log_impl.cc(214)] [14:47:49.622] USB: usb_device_handle_win.cc:1048 Failed to read descriptor from node connection: A device attached to the system is not functioning. (0x1F)
Dec 29, 2021 14:58:28.233 [7228:12804:1229/145828.233:ERROR:chrome_browser_main_extra_parts_metrics.cc(226)] crbug.com/1216328: Checking Bluetooth availability started. Please report if there is no report that this ends.
Dec 29, 2021 14:58:28.233 [7228:12804:1229/145828.233:ERROR:chrome_browser_main_extra_parts_metrics.cc(229)] crbug.com/1216328: Checking Bluetooth availability ended.
Dec 29, 2021 14:58:28.234 [7228:12804:1229/145828.233:ERROR:chrome_browser_main_extra_parts_metrics.cc(232)] crbug.com/1216328: Checking default browser status started. Please report if there is no report that this ends.
Dec 29, 2021 14:58:28.235 [7228:12804:1229/145828.234:ERROR:chrome_browser_main_extra_parts_metrics.cc(236)] crbug.com/1216328: Checking default browser status ended.
Dec 29, 2021 14:58:28.259 [7228:7792:1229/145828.236:ERROR:device_event_log_impl.cc(214)] [14:58:28.237] USB: usb_device_handle_win.cc:1048 Failed to read descriptor from node connection: A device attached to the system is not functioning. (0x1F)
Dec 29, 2021 14:58:28.259 [7228:7792:1229/145828.237:ERROR:device_event_log_impl.cc(214)] [14:58:28.237] USB: usb_device_handle_win.cc:1048 Failed to read descriptor from node connection: A device attached to the system is not functioning. (0x1F)
Dec 29, 2021 14:58:29.75 [7228:10212:1229/145829.075:ERROR:get_updates_processor.cc(260)] PostClientToServerMessage() failed during GetUpdates with error 2
Dec 29, 2021 14:58:36.371 [12908:8020:1229/145836.371:ERROR:chrome_browser_main_extra_parts_metrics.cc(226)] crbug.com/1216328: Checking Bluetooth availability started. Please report if there is no report that this ends.
Dec 29, 2021 14:58:36.371 [12908:8020:1229/145836.371:ERROR:chrome_browser_main_extra_parts_metrics.cc(229)] crbug.com/1216328: Checking Bluetooth availability ended.
Dec 29, 2021 14:58:36.372 [12908:8020:1229/145836.371:ERROR:chrome_browser_main_extra_parts_metrics.cc(232)] crbug.com/1216328: Checking default browser status started. Please report if there is no report that this ends.
Dec 29, 2021 14:58:36.372 [12908:8020:1229/145836.372:ERROR:chrome_browser_main_extra_parts_metrics.cc(236)] crbug.com/1216328: Checking default browser status ended.
Dec 29, 2021 14:58:36.374 [12908:12848:1229/145836.374:ERROR:device_event_log_impl.cc(214)] [14:58:36.375] USB: usb_device_handle_win.cc:1048 Failed to read descriptor from node connection: A device attached to the system is not functioning. (0x1F)
Dec 29, 2021 14:58:36.375 [12908:12848:1229/145836.375:ERROR:device_event_log_impl.cc(214)] [14:58:36.375] USB: usb_device_handle_win.cc:1048 Failed to read descriptor from node connection: A device attached to the system is not functioning. (0x1F)
Dec 29, 2021 14:58:36.375 [12908:12848:1229/145836.375:ERROR:device_event_log_impl.cc(214)] [14:58:36.376] USB: usb_device_handle_win.cc:1048 Failed to read descriptor from node connection: A device attached to the system is not functioning. (0x1F)
Dec 29, 2021 14:58:36.376 [12908:12848:1229/145836.375:ERROR:device_event_log_impl.cc(214)] [14:58:36.376] USB: usb_device_handle_win.cc:1048 Failed to read descriptor from node connection: A device attached to the system is not functioning. (0x1F)
Dec 29, 2021 14:59:01.534 [9144:2512:1229/145901.534:ERROR:chrome_browser_main_extra_parts_metrics.cc(226)] crbug.com/1216328: Checking Bluetooth availability started. Please report if there is no report that this ends.
Dec 29, 2021 14:59:01.534 [9144:2512:1229/145901.534:ERROR:chrome_browser_main_extra_parts_metrics.cc(229)] crbug.com/1216328: Checking Bluetooth availability ended.
Dec 29, 2021 14:59:01.535 [9144:2512:1229/145901.534:ERROR:chrome_browser_main_extra_parts_metrics.cc(232)] crbug.com/1216328: Checking default browser status started. Please report if there is no report that this ends.
Dec 29, 2021 14:59:01.535 [9144:2512:1229/145901.535:ERROR:chrome_browser_main_extra_parts_metrics.cc(236)] crbug.com/1216328: Checking default browser status ended.
Dec 29, 2021 14:59:01.560 [9144:8692:1229/145901.537:ERROR:device_event_log_impl.cc(214)] [14:59:01.537] USB: usb_device_handle_win.cc:1048 Failed to read descriptor from node connection: A device attached to the system is not functioning. (0x1F)
Dec 29, 2021 14:59:01.560 [9144:8692:1229/145901.537:ERROR:device_event_log_impl.cc(214)] [14:59:01.538] USB: usb_device_handle_win.cc:1048 Failed to read descriptor from node connection: A device attached to the system is not functioning. (0x1F)
Dec 29, 2021 14:59:01.561 [9144:8692:1229/145901.538:ERROR:device_event_log_impl.cc(214)] [14:59:01.538] USB: usb_device_handle_win.cc:1048 Failed to read descriptor from node connection: A device attached to the system is not functioning. (0x1F)
Dec 29, 2021 14:59:48.491 [10360:5720:1229/145948.491:ERROR:chrome_browser_main_extra_parts_metrics.cc(226)] crbug.com/1216328: Checking Bluetooth availability started. Please report if there is no report that this ends.
Dec 29, 2021 14:59:48.491 [10360:5720:1229/145948.491:ERROR:chrome_browser_main_extra_parts_metrics.cc(229)] crbug.com/1216328: Checking Bluetooth availability ended.
Dec 29, 2021 14:59:48.492 [10360:5720:1229/145948.491:ERROR:chrome_browser_main_extra_parts_metrics.cc(232)] crbug.com/1216328: Checking default browser status started. Please report if there is no report that this ends.
Dec 29, 2021 14:59:48.493 [10360:5720:1229/145948.493:ERROR:chrome_browser_main_extra_parts_metrics.cc(236)] crbug.com/1216328: Checking default browser status ended.
Dec 29, 2021 14:59:48.495 [10360:6556:1229/145948.495:ERROR:device_event_log_impl.cc(214)] [14:59:48.495] USB: usb_device_handle_win.cc:1048 Failed to read descriptor from node connection: A device attached to the system is not functioning. (0x1F)
Dec 29, 2021 14:59:48.517 [10360:6556:1229/145948.495:ERROR:device_event_log_impl.cc(214)] [14:59:48.495] USB: usb_device_handle_win.cc:1048 Failed to read descriptor from node connection: A device attached to the system is not functioning. (0x1F)
Dec 29, 2021 14:59:48.518 [10360:6556:1229/145948.495:ERROR:device_event_log_impl.cc(214)] [14:59:48.495] USB: usb_device_handle_win.cc:1048 Failed to read descriptor from node connection: A device attached to the system is not functioning. (0x1F)
Dec 29, 2021 15:00:35.650 [11100:9604:1229/150035.650:ERROR:chrome_browser_main_extra_parts_metrics.cc(226)] crbug.com/1216328: Checking Bluetooth availability started. Please report if there is no report that this ends.
Dec 29, 2021 15:00:35.650 [11100:9604:1229/150035.650:ERROR:chrome_browser_main_extra_parts_metrics.cc(229)] crbug.com/1216328: Checking Bluetooth availability ended.
Dec 29, 2021 15:00:35.651 [11100:9604:1229/150035.650:ERROR:chrome_browser_main_extra_parts_metrics.cc(232)] crbug.com/1216328: Checking default browser status started. Please report if there is no report that this ends.
Dec 29, 2021 15:00:35.651 [11100:9604:1229/150035.651:ERROR:chrome_browser_main_extra_parts_metrics.cc(236)] crbug.com/1216328: Checking default browser status ended.
Dec 29, 2021 15:00:35.654 [11100:13700:1229/150035.653:ERROR:device_event_log_impl.cc(214)] [15:00:35.653] USB: usb_device_handle_win.cc:1048 Failed to read descriptor from node connection: A device attached to the system is not functioning. (0x1F)
Dec 29, 2021 15:00:35.655 [11100:13700:1229/150035.654:ERROR:device_event_log_impl.cc(214)] [15:00:35.654] USB: usb_device_handle_win.cc:1048 Failed to read descriptor from node connection: A device attached to the system is not functioning. (0x1F)
Dec 29, 2021 15:00:35.655 [11100:13700:1229/150035.654:ERROR:device_event_log_impl.cc(214)] [15:00:35.654] USB: usb_device_handle_win.cc:1048 Failed to read descriptor from node connection: A device attached to the system is not functioning. (0x1F)
Dec 29, 2021 15:01:44.849 [7364:13324:1229/150144.849:ERROR:chrome_browser_main_extra_parts_metrics.cc(226)] crbug.com/1216328: Checking Bluetooth availability started. Please report if there is no report that this ends.
Dec 29, 2021 15:01:44.850 [7364:13324:1229/150144.849:ERROR:chrome_browser_main_extra_parts_metrics.cc(229)] crbug.com/1216328: Checking Bluetooth availability ended.
Dec 29, 2021 15:01:44.850 [7364:13324:1229/150144.849:ERROR:chrome_browser_main_extra_parts_metrics.cc(232)] crbug.com/1216328: Checking default browser status started. Please report if there is no report that this ends.
Dec 29, 2021 15:01:44.850 [7364:13324:1229/150144.850:ERROR:chrome_browser_main_extra_parts_metrics.cc(236)] crbug.com/1216328: Checking default browser status ended.
Dec 29, 2021 15:01:44.852 [7364:1604:1229/150144.852:ERROR:device_event_log_impl.cc(214)] [15:01:44.852] USB: usb_device_handle_win.cc:1048 Failed to read descriptor from node connection: A device attached to the system is not functioning. (0x1F)
Dec 29, 2021 15:01:44.853 [7364:1604:1229/150144.853:ERROR:device_event_log_impl.cc(214)] [15:01:44.853] USB: usb_device_handle_win.cc:1048 Failed to read descriptor from node connection: A device attached to the system is not functioning. (0x1F)
Dec 29, 2021 15:01:44.854 [7364:1604:1229/150144.853:ERROR:device_event_log_impl.cc(214)] [15:01:44.853] USB: usb_device_handle_win.cc:1048 Failed to read descriptor from node connection: A device attached to the system is not functioning. (0x1F)
Dec 29, 2021 15:06:53.449 [8124:3008:1229/150653.448:ERROR:chrome_browser_main_extra_parts_metrics.cc(226)] crbug.com/1216328: Checking Bluetooth availability started. Please report if there is no report that this ends.
Dec 29, 2021 15:06:53.449 [8124:3008:1229/150653.448:ERROR:chrome_browser_main_extra_parts_metrics.cc(229)] crbug.com/1216328: Checking Bluetooth availability ended.
Dec 29, 2021 15:06:53.450 [8124:3008:1229/150653.448:ERROR:chrome_browser_main_extra_parts_metrics.cc(232)] crbug.com/1216328: Checking default browser status started. Please report if there is no report that this ends.
Dec 29, 2021 15:06:53.451 [8124:3008:1229/150653.451:ERROR:chrome_browser_main_extra_parts_metrics.cc(236)] crbug.com/1216328: Checking default browser status ended.
Dec 29, 2021 15:06:53.458 [8124:8088:1229/150653.458:ERROR:device_event_log_impl.cc(214)] [15:06:53.457] USB: usb_device_handle_win.cc:1048 Failed to read descriptor from node connection: A device attached to the system is not functioning. (0x1F)
Dec 29, 2021 15:06:53.460 [8124:8088:1229/150653.459:ERROR:device_event_log_impl.cc(214)] [15:06:53.459] USB: usb_device_handle_win.cc:1048 Failed to read descriptor from node connection: A device attached to the system is not functioning. (0x1F)
Dec 29, 2021 15:06:53.460 [8124:8088:1229/150653.460:ERROR:device_event_log_impl.cc(214)] [15:06:53.460] USB: usb_device_handle_win.cc:1048 Failed to read descriptor from node connection: A device attached to the system is not functioning. (0x1F)
Dec 29, 2021 15:08:20.669 [9548:1752:1229/150820.668:ERROR:chrome_browser_main_extra_parts_metrics.cc(226)] crbug.com/1216328: Checking Bluetooth availability started. Please report if there is no report that this ends.
Dec 29, 2021 15:08:20.669 [9548:1752:1229/150820.668:ERROR:chrome_browser_main_extra_parts_metrics.cc(229)] crbug.com/1216328: Checking Bluetooth availability ended.
Dec 29, 2021 15:08:20.669 [9548:1752:1229/150820.668:ERROR:chrome_browser_main_extra_parts_metrics.cc(232)] crbug.com/1216328: Checking default browser status started. Please report if there is no report that this ends.
Dec 29, 2021 15:08:20.669 [9548:1752:1229/150820.669:ERROR:chrome_browser_main_extra_parts_metrics.cc(236)] crbug.com/1216328: Checking default browser status ended.
Dec 29, 2021 15:08:20.672 [9548:3280:1229/150820.671:ERROR:device_event_log_impl.cc(214)] [15:08:20.671] USB: usb_device_handle_win.cc:1048 Failed to read descriptor from node connection: A device attached to the system is not functioning. (0x1F)
Dec 29, 2021 15:08:20.672 [9548:3280:1229/150820.672:ERROR:device_event_log_impl.cc(214)] [15:08:20.672] USB: usb_device_handle_win.cc:1048 Failed to read descriptor from node connection: A device attached to the system is not functioning. (0x1F)
Dec 29, 2021 15:08:20.673 [9548:3280:1229/150820.672:ERROR:device_event_log_impl.cc(214)] [15:08:20.672] USB: usb_device_handle_win.cc:1048 Failed to read descriptor from node connection: A device attached to the system is not functioning. (0x1F)
Dec 29, 2021 15:09:22.193 [10760:8716:1229/150922.193:ERROR:chrome_browser_main_extra_parts_metrics.cc(226)] crbug.com/1216328: Checking Bluetooth availability started. Please report if there is no report that this ends.
Dec 29, 2021 15:09:22.193 [10760:8716:1229/150922.193:ERROR:chrome_browser_main_extra_parts_metrics.cc(229)] crbug.com/1216328: Checking Bluetooth availability ended.
Dec 29, 2021 15:09:22.194 [10760:8716:1229/150922.193:ERROR:chrome_browser_main_extra_parts_metrics.cc(232)] crbug.com/1216328: Checking default browser status started. Please report if there is no report that this ends.
Dec 29, 2021 15:09:22.194 [10760:8716:1229/150922.194:ERROR:chrome_browser_main_extra_parts_metrics.cc(236)] crbug.com/1216328: Checking default browser status ended.
Dec 29, 2021 15:09:22.196 [10760:6176:1229/150922.196:ERROR:device_event_log_impl.cc(214)] [15:09:22.196] USB: usb_device_handle_win.cc:1048 Failed to read descriptor from node connection: A device attached to the system is not functioning. (0x1F)
Dec 29, 2021 15:09:22.197 [10760:6176:1229/150922.197:ERROR:device_event_log_impl.cc(214)] [15:09:22.197] USB: usb_device_handle_win.cc:1048 Failed to read descriptor from node connection: A device attached to the system is not functioning. (0x1F)
Dec 29, 2021 15:09:22.197 [10760:6176:1229/150922.197:ERROR:device_event_log_impl.cc(214)] [15:09:22.197] USB: usb_device_handle_win.cc:1048 Failed to read descriptor from node connection: A device attached to the system is not functioning. (0x1F)
Dec 29, 2021 15:10:09.401 [10532:10012:1229/151009.401:ERROR:chrome_browser_main_extra_parts_metrics.cc(226)] crbug.com/1216328: Checking Bluetooth availability started. Please report if there is no report that this ends.
Dec 29, 2021 15:10:09.401 [10532:10012:1229/151009.401:ERROR:chrome_browser_main_extra_parts_metrics.cc(229)] crbug.com/1216328: Checking Bluetooth availability ended.
Dec 29, 2021 15:10:09.402 [10532:10012:1229/151009.401:ERROR:chrome_browser_main_extra_parts_metrics.cc(232)] crbug.com/1216328: Checking default browser status started. Please report if there is no report that this ends.
Dec 29, 2021 15:10:09.402 [10532:10012:1229/151009.402:ERROR:chrome_browser_main_extra_parts_metrics.cc(236)] crbug.com/1216328: Checking default browser status ended.
Dec 29, 2021 15:10:09.406 [10532:6080:1229/151009.406:ERROR:device_event_log_impl.cc(214)] [15:10:09.406] USB: usb_device_handle_win.cc:1048 Failed to read descriptor from node connection: A device attached to the system is not functioning. (0x1F)
Dec 29, 2021 15:10:09.407 [10532:6080:1229/151009.407:ERROR:device_event_log_impl.cc(214)] [15:10:09.407] USB: usb_device_handle_win.cc:1048 Failed to read descriptor from node connection: A device attached to the system is not functioning. (0x1F)
Dec 29, 2021 15:10:53.626 [14160:5708:1229/151053.626:ERROR:chrome_browser_main_extra_parts_metrics.cc(226)] crbug.com/1216328: Checking Bluetooth availability started. Please report if there is no report that this ends.
Dec 29, 2021 15:10:53.626 [14160:5708:1229/151053.626:ERROR:chrome_browser_main_extra_parts_metrics.cc(229)] crbug.com/1216328: Checking Bluetooth availability ended.
Dec 29, 2021 15:10:53.627 [14160:5708:1229/151053.626:ERROR:chrome_browser_main_extra_parts_metrics.cc(232)] crbug.com/1216328: Checking default browser status started. Please report if there is no report that this ends.
Dec 29, 2021 15:10:53.627 [14160:5708:1229/151053.627:ERROR:chrome_browser_main_extra_parts_metrics.cc(236)] crbug.com/1216328: Checking default browser status ended.
Dec 29, 2021 15:10:53.628 [14160:11440:1229/151053.628:ERROR:device_event_log_impl.cc(214)] [15:10:53.628] USB: usb_device_handle_win.cc:1048 Failed to read descriptor from node connection: A device attached to the system is not functioning. (0x1F)
Dec 29, 2021 15:10:53.630 [14160:11440:1229/151053.629:ERROR:device_event_log_impl.cc(214)] [15:10:53.629] USB: usb_device_handle_win.cc:1048 Failed to read descriptor from node connection: A device attached to the system is not functioning. (0x1F)
Dec 29, 2021 15:10:53.630 [14160:11440:1229/151053.630:ERROR:device_event_log_impl.cc(214)] [15:10:53.629] USB: usb_device_handle_win.cc:1048 Failed to read descriptor from node connection: A device attached to the system is not functioning. (0x1F)
Dec 29, 2021 15:12:26.357 [4392:2156:1229/151226.356:ERROR:chrome_browser_main_extra_parts_metrics.cc(226)] crbug.com/1216328: Checking Bluetooth availability started. Please report if there is no report that this ends.
Dec 29, 2021 15:12:26.357 [4392:2156:1229/151226.356:ERROR:chrome_browser_main_extra_parts_metrics.cc(229)] crbug.com/1216328: Checking Bluetooth availability ended.
Dec 29, 2021 15:12:26.357 [4392:2156:1229/151226.356:ERROR:chrome_browser_main_extra_parts_metrics.cc(232)] crbug.com/1216328: Checking default browser status started. Please report if there is no report that this ends.
Dec 29, 2021 15:12:26.358 [4392:2156:1229/151226.358:ERROR:chrome_browser_main_extra_parts_metrics.cc(236)] crbug.com/1216328: Checking default browser status ended.
Dec 29, 2021 15:12:26.360 [4392:13588:1229/151226.360:ERROR:device_event_log_impl.cc(214)] [15:12:26.360] USB: usb_device_handle_win.cc:1048 Failed to read descriptor from node connection: A device attached to the system is not functioning. (0x1F)
Dec 29, 2021 15:12:26.361 [4392:13588:1229/151226.360:ERROR:device_event_log_impl.cc(214)] [15:12:26.361] USB: usb_device_handle_win.cc:1048 Failed to read descriptor from node connection: A device attached to the system is not functioning. (0x1F)
Dec 29, 2021 15:12:26.362 [4392:13588:1229/151226.361:ERROR:device_event_log_impl.cc(214)] [15:12:26.361] USB: usb_device_handle_win.cc:1048 Failed to read descriptor from node connection: A device attached to the system is not functioning. (0x1F)
Dec 29, 2021 15:12:47.621 [12672:9604:1229/151247.621:ERROR:chrome_browser_main_extra_parts_metrics.cc(226)] crbug.com/1216328: Checking Bluetooth availability started. Please report if there is no report that this ends.
Dec 29, 2021 15:12:47.622 [12672:9604:1229/151247.621:ERROR:chrome_browser_main_extra_parts_metrics.cc(229)] crbug.com/1216328: Checking Bluetooth availability ended.
Dec 29, 2021 15:12:47.623 [12672:9604:1229/151247.621:ERROR:chrome_browser_main_extra_parts_metrics.cc(232)] crbug.com/1216328: Checking default browser status started. Please report if there is no report that this ends.
Dec 29, 2021 15:12:47.624 [12672:9604:1229/151247.624:ERROR:chrome_browser_main_extra_parts_metrics.cc(236)] crbug.com/1216328: Checking default browser status ended.
Dec 29, 2021 15:12:47.631 [12672:984:1229/151247.630:ERROR:device_event_log_impl.cc(214)] [15:12:47.631] USB: usb_device_handle_win.cc:1048 Failed to read descriptor from node connection: A device attached to the system is not functioning. (0x1F)
Dec 29, 2021 15:12:47.632 [12672:984:1229/151247.631:ERROR:device_event_log_impl.cc(214)] [15:12:47.632] USB: usb_device_handle_win.cc:1048 Failed to read descriptor from node connection: A device attached to the system is not functioning. (0x1F)
Dec 29, 2021 15:12:47.632 [12672:984:1229/151247.632:ERROR:device_event_log_impl.cc(214)] [15:12:47.632] USB: usb_device_handle_win.cc:1048 Failed to read descriptor from node connection: A device attached to the system is not functioning. (0x1F)
Dec 29, 2021 15:13:23.486 [13012:7752:1229/151323.486:ERROR:chrome_browser_main_extra_parts_metrics.cc(226)] crbug.com/1216328: Checking Bluetooth availability started. Please report if there is no report that this ends.
Dec 29, 2021 15:13:23.486 [13012:7752:1229/151323.486:ERROR:chrome_browser_main_extra_parts_metrics.cc(229)] crbug.com/1216328: Checking Bluetooth availability ended.
Dec 29, 2021 15:13:23.486 [13012:7752:1229/151323.486:ERROR:chrome_browser_main_extra_parts_metrics.cc(232)] crbug.com/1216328: Checking default browser status started. Please report if there is no report that this ends.
Dec 29, 2021 15:13:23.487 [13012:7752:1229/151323.487:ERROR:chrome_browser_main_extra_parts_metrics.cc(236)] crbug.com/1216328: Checking default browser status ended.
Dec 29, 2021 15:13:23.489 [13012:9800:1229/151323.489:ERROR:device_event_log_impl.cc(214)] [15:13:23.489] USB: usb_device_handle_win.cc:1048 Failed to read descriptor from node connection: A device attached to the system is not functioning. (0x1F)
Dec 29, 2021 15:13:23.490 [13012:9800:1229/151323.490:ERROR:device_event_log_impl.cc(214)] [15:13:23.489] USB: usb_device_handle_win.cc:1048 Failed to read descriptor from node connection: A device attached to the system is not functioning. (0x1F)
Dec 29, 2021 15:13:23.490 [13012:9800:1229/151323.490:ERROR:device_event_log_impl.cc(214)] [15:13:23.490] USB: usb_device_handle_win.cc:1048 Failed to read descriptor from node connection: A device attached to the system is not functioning. (0x1F)
Dec 29, 2021 15:13:49.926 [13540:2052:1229/151349.926:ERROR:chrome_browser_main_extra_parts_metrics.cc(226)] crbug.com/1216328: Checking Bluetooth availability started. Please report if there is no report that this ends.
Dec 29, 2021 15:13:49.926 [13540:2052:1229/151349.926:ERROR:chrome_browser_main_extra_parts_metrics.cc(229)] crbug.com/1216328: Checking Bluetooth availability ended.
Dec 29, 2021 15:13:49.927 [13540:2052:1229/151349.926:ERROR:chrome_browser_main_extra_parts_metrics.cc(232)] crbug.com/1216328: Checking default browser status started. Please report if there is no report that this ends.
Dec 29, 2021 15:13:49.928 [13540:2052:1229/151349.928:ERROR:chrome_browser_main_extra_parts_metrics.cc(236)] crbug.com/1216328: Checking default browser status ended.
Dec 29, 2021 15:13:49.952 [13540:10996:1229/151349.929:ERROR:device_event_log_impl.cc(214)] [15:13:49.928] USB: usb_device_handle_win.cc:1048 Failed to read descriptor from node connection: A device attached to the system is not functioning. (0x1F)
Dec 29, 2021 15:13:49.952 [13540:10996:1229/151349.929:ERROR:device_event_log_impl.cc(214)] [15:13:49.929] USB: usb_device_handle_win.cc:1048 Failed to read descriptor from node connection: A device attached to the system is not functioning. (0x1F)
Dec 29, 2021 15:13:49.952 [13540:10996:1229/151349.930:ERROR:device_event_log_impl.cc(214)] [15:13:49.929] USB: usb_device_handle_win.cc:1048 Failed to read descriptor from node connection: A device attached to the system is not functioning. (0x1F)
Dec 29, 2021 15:15:00.623 [9812:3224:1229/151500.623:ERROR:chrome_browser_main_extra_parts_metrics.cc(226)] crbug.com/1216328: Checking Bluetooth availability started. Please report if there is no report that this ends.
Dec 29, 2021 15:15:00.645 [9812:3224:1229/151500.623:ERROR:chrome_browser_main_extra_parts_metrics.cc(229)] crbug.com/1216328: Checking Bluetooth availability ended.
Dec 29, 2021 15:15:00.645 [9812:3224:1229/151500.623:ERROR:chrome_browser_main_extra_parts_metrics.cc(232)] crbug.com/1216328: Checking default browser status started. Please report if there is no report that this ends.
Dec 29, 2021 15:15:00.677 [9812:3224:1229/151500.624:ERROR:chrome_browser_main_extra_parts_metrics.cc(236)] crbug.com/1216328: Checking default browser status ended.
Dec 29, 2021 15:15:00.678 [9812:2740:1229/151500.626:ERROR:device_event_log_impl.cc(214)] [15:15:00.625] USB: usb_device_handle_win.cc:1048 Failed to read descriptor from node connection: A device attached to the system is not functioning. (0x1F)
Dec 29, 2021 15:15:00.678 [9812:2740:1229/151500.626:ERROR:device_event_log_impl.cc(214)] [15:15:00.626] USB: usb_device_handle_win.cc:1048 Failed to read descriptor from node connection: A device attached to the system is not functioning. (0x1F)
Dec 29, 2021 15:15:01.549 [9812:2488:1229/151501.549:ERROR:get_updates_processor.cc(260)] PostClientToServerMessage() failed during GetUpdates with error 2

Jan 04, 2022 09:32:39.507 NEW SESSION
Jan 04, 2022 09:32:39.507 [8388:8204:0104/093239.482:ERROR:chrome_browser_main_extra_parts_metrics.cc(226)] crbug.com/1216328: Checking Bluetooth availability started. Please report if there is no report that this ends.
Jan 04, 2022 09:32:39.508 [8388:8204:0104/093239.482:ERROR:chrome_browser_main_extra_parts_metrics.cc(229)] crbug.com/1216328: Checking Bluetooth availability ended.
Jan 04, 2022 09:32:39.508 [8388:8204:0104/093239.482:ERROR:chrome_browser_main_extra_parts_metrics.cc(232)] crbug.com/1216328: Checking default browser status started. Please report if there is no report that this ends.
Jan 04, 2022 09:32:39.508 [8388:8204:0104/093239.483:ERROR:chrome_browser_main_extra_parts_metrics.cc(236)] crbug.com/1216328: Checking default browser status ended.
Jan 04, 2022 09:32:39.508 [8388:14136:0104/093239.486:ERROR:device_event_log_impl.cc(214)] [09:32:39.486] USB: usb_device_handle_win.cc:1048 Failed to read descriptor from node connection: A device attached to the system is not functioning. (0x1F)
Jan 04, 2022 09:32:39.509 [8388:14136:0104/093239.487:ERROR:device_event_log_impl.cc(214)] [09:32:39.487] USB: usb_device_handle_win.cc:1048 Failed to read descriptor from node connection: A device attached to the system is not functioning. (0x1F)
Jan 04, 2022 09:32:39.510 [8388:14136:0104/093239.488:ERROR:device_event_log_impl.cc(214)] [09:32:39.488] USB: usb_device_handle_win.cc:1048 Failed to read descriptor from node connection: A device attached to the system is not functioning. (0x1F)
Jan 04, 2022 09:32:39.511 [8388:14136:0104/093239.488:ERROR:device_event_log_impl.cc(214)] [09:32:39.488] USB: usb_device_handle_win.cc:1048 Failed to read descriptor from node connection: A device attached to the system is not functioning. (0x1F)
Jan 04, 2022 09:35:43.853 [8856:15652:0104/093543.853:ERROR:get_updates_processor.cc(260)] PostClientToServerMessage() failed during GetUpdates with error 2
Jan 04, 2022 09:35:48.728 [3192:5616:0104/093548.728:ERROR:chrome_browser_main_extra_parts_metrics.cc(226)] crbug.com/1216328: Checking Bluetooth availability started. Please report if there is no report that this ends.
Jan 04, 2022 09:35:48.728 [3192:5616:0104/093548.728:ERROR:chrome_browser_main_extra_parts_metrics.cc(229)] crbug.com/1216328: Checking Bluetooth availability ended.
Jan 04, 2022 09:35:48.729 [3192:5616:0104/093548.728:ERROR:chrome_browser_main_extra_parts_metrics.cc(232)] crbug.com/1216328: Checking default browser status started. Please report if there is no report that this ends.
Jan 04, 2022 09:35:48.729 [3192:5616:0104/093548.729:ERROR:chrome_browser_main_extra_parts_metrics.cc(236)] crbug.com/1216328: Checking default browser status ended.
Jan 04, 2022 09:35:48.733 [3192:16252:0104/093548.732:ERROR:device_event_log_impl.cc(214)] [09:35:48.732] USB: usb_device_handle_win.cc:1048 Failed to read descriptor from node connection: A device attached to the system is not functioning. (0x1F)
Jan 04, 2022 09:35:48.754 [3192:16252:0104/093548.733:ERROR:device_event_log_impl.cc(214)] [09:35:48.732] USB: usb_device_handle_win.cc:1048 Failed to read descriptor from node connection: A device attached to the system is not functioning. (0x1F)
Jan 04, 2022 09:35:48.754 [3192:16252:0104/093548.734:ERROR:device_event_log_impl.cc(214)] [09:35:48.734] USB: usb_device_handle_win.cc:1048 Failed to read descriptor from node connection: A device attached to the system is not functioning. (0x1F)
Jan 04, 2022 09:35:48.754 [3192:16252:0104/093548.734:ERROR:device_event_log_impl.cc(214)] [09:35:48.734] USB: usb_device_handle_win.cc:1048 Failed to read descriptor from node connection: A device attached to the system is not functioning. (0x1F)
Jan 04, 2022 09:39:24.805 [10068:10420:0104/093924.805:ERROR:chrome_browser_main_extra_parts_metrics.cc(226)] crbug.com/1216328: Checking Bluetooth availability started. Please report if there is no report that this ends.
Jan 04, 2022 09:39:24.805 [10068:10420:0104/093924.805:ERROR:chrome_browser_main_extra_parts_metrics.cc(229)] crbug.com/1216328: Checking Bluetooth availability ended.
Jan 04, 2022 09:39:24.806 [10068:10420:0104/093924.805:ERROR:chrome_browser_main_extra_parts_metrics.cc(232)] crbug.com/1216328: Checking default browser status started. Please report if there is no report that this ends.
Jan 04, 2022 09:39:24.806 [10068:10420:0104/093924.806:ERROR:chrome_browser_main_extra_parts_metrics.cc(236)] crbug.com/1216328: Checking default browser status ended.
Jan 04, 2022 09:39:24.809 [10068:8800:0104/093924.809:ERROR:device_event_log_impl.cc(214)] [09:39:24.809] USB: usb_device_handle_win.cc:1048 Failed to read descriptor from node connection: A device attached to the system is not functioning. (0x1F)
Jan 04, 2022 09:39:24.810 [10068:8800:0104/093924.810:ERROR:device_event_log_impl.cc(214)] [09:39:24.810] USB: usb_device_handle_win.cc:1048 Failed to read descriptor from node connection: A device attached to the system is not functioning. (0x1F)
Jan 04, 2022 09:39:24.812 [10068:8800:0104/093924.812:ERROR:device_event_log_impl.cc(214)] [09:39:24.812] USB: usb_device_handle_win.cc:1048 Failed to read descriptor from node connection: A device attached to the system is not functioning. (0x1F)
Jan 04, 2022 09:40:14.313 [4848:4464:0104/094014.312:ERROR:chrome_browser_main_extra_parts_metrics.cc(226)] crbug.com/1216328: Checking Bluetooth availability started. Please report if there is no report that this ends.
Jan 04, 2022 09:40:14.313 [4848:4464:0104/094014.312:ERROR:chrome_browser_main_extra_parts_metrics.cc(229)] crbug.com/1216328: Checking Bluetooth availability ended.
Jan 04, 2022 09:40:14.313 [4848:4464:0104/094014.312:ERROR:chrome_browser_main_extra_parts_metrics.cc(232)] crbug.com/1216328: Checking default browser status started. Please report if there is no report that this ends.
Jan 04, 2022 09:40:14.314 [4848:4464:0104/094014.313:ERROR:chrome_browser_main_extra_parts_metrics.cc(236)] crbug.com/1216328: Checking default browser status ended.
Jan 04, 2022 09:40:14.316 [4848:3128:0104/094014.316:ERROR:device_event_log_impl.cc(214)] [09:40:14.316] USB: usb_device_handle_win.cc:1048 Failed to read descriptor from node connection: A device attached to the system is not functioning. (0x1F)
Jan 04, 2022 09:40:14.317 [4848:3128:0104/094014.317:ERROR:device_event_log_impl.cc(214)] [09:40:14.316] USB: usb_device_handle_win.cc:1048 Failed to read descriptor from node connection: A device attached to the system is not functioning. (0x1F)
Jan 04, 2022 09:40:14.318 [4848:3128:0104/094014.318:ERROR:device_event_log_impl.cc(214)] [09:40:14.318] USB: usb_device_handle_win.cc:1048 Failed to read descriptor from node connection: A device attached to the system is not functioning. (0x1F)
Jan 04, 2022 09:40:14.338 [4848:3128:0104/094014.318:ERROR:device_event_log_impl.cc(214)] [09:40:14.318] USB: usb_device_handle_win.cc:1048 Failed to read descriptor from node connection: A device attached to the system is not functioning. (0x1F)
Jan 04, 2022 09:41:36.167 [8536:12072:0104/094136.166:ERROR:chrome_browser_main_extra_parts_metrics.cc(226)] crbug.com/1216328: Checking Bluetooth availability started. Please report if there is no report that this ends.
Jan 04, 2022 09:41:36.167 [8536:12072:0104/094136.166:ERROR:chrome_browser_main_extra_parts_metrics.cc(229)] crbug.com/1216328: Checking Bluetooth availability ended.
Jan 04, 2022 09:41:36.167 [8536:12072:0104/094136.166:ERROR:chrome_browser_main_extra_parts_metrics.cc(232)] crbug.com/1216328: Checking default browser status started. Please report if there is no report that this ends.
Jan 04, 2022 09:41:36.167 [8536:12072:0104/094136.167:ERROR:chrome_browser_main_extra_parts_metrics.cc(236)] crbug.com/1216328: Checking default browser status ended.
Jan 04, 2022 09:41:36.170 [8536:2964:0104/094136.170:ERROR:device_event_log_impl.cc(214)] [09:41:36.170] USB: usb_device_handle_win.cc:1048 Failed to read descriptor from node connection: A device attached to the system is not functioning. (0x1F)
Jan 04, 2022 09:41:36.171 [8536:2964:0104/094136.171:ERROR:device_event_log_impl.cc(214)] [09:41:36.171] USB: usb_device_handle_win.cc:1048 Failed to read descriptor from node connection: A device attached to the system is not functioning. (0x1F)
Jan 04, 2022 09:41:36.172 [8536:2964:0104/094136.172:ERROR:device_event_log_impl.cc(214)] [09:41:36.172] USB: usb_device_handle_win.cc:1048 Failed to read descriptor from node connection: A device attached to the system is not functioning. (0x1F)
Jan 04, 2022 09:41:36.191 [8536:2964:0104/094136.172:ERROR:device_event_log_impl.cc(214)] [09:41:36.172] USB: usb_device_handle_win.cc:1048 Failed to read descriptor from node connection: A device attached to the system is not functioning. (0x1F)
Jan 04, 2022 09:45:50.62 [11352:13148:0104/094550.062:ERROR:chrome_browser_main_extra_parts_metrics.cc(226)] crbug.com/1216328: Checking Bluetooth availability started. Please report if there is no report that this ends.
Jan 04, 2022 09:45:50.63 [11352:13148:0104/094550.062:ERROR:chrome_browser_main_extra_parts_metrics.cc(229)] crbug.com/1216328: Checking Bluetooth availability ended.
Jan 04, 2022 09:45:50.63 [11352:13148:0104/094550.062:ERROR:chrome_browser_main_extra_parts_metrics.cc(232)] crbug.com/1216328: Checking default browser status started. Please report if there is no report that this ends.
Jan 04, 2022 09:45:50.63 [11352:13148:0104/094550.063:ERROR:chrome_browser_main_extra_parts_metrics.cc(236)] crbug.com/1216328: Checking default browser status ended.
Jan 04, 2022 09:45:50.63 [11352:12432:0104/094550.063:ERROR:device_event_log_impl.cc(214)] [09:45:50.063] USB: usb_device_handle_win.cc:1048 Failed to read descriptor from node connection: A device attached to the system is not functioning. (0x1F)
Jan 04, 2022 09:45:50.64 [11352:12432:0104/094550.063:ERROR:device_event_log_impl.cc(214)] [09:45:50.063] USB: usb_device_handle_win.cc:1048 Failed to read descriptor from node connection: A device attached to the system is not functioning. (0x1F)
Jan 04, 2022 09:45:50.65 [11352:12432:0104/094550.064:ERROR:device_event_log_impl.cc(214)] [09:45:50.064] USB: usb_device_handle_win.cc:1048 Failed to read descriptor from node connection: A device attached to the system is not functioning. (0x1F)
Jan 04, 2022 09:45:50.65 [11352:12432:0104/094550.065:ERROR:device_event_log_impl.cc(214)] [09:45:50.064] USB: usb_device_handle_win.cc:1048 Failed to read descriptor from node connection: A device attached to the system is not functioning. (0x1F)
Jan 04, 2022 09:46:57.626 [4392:12832:0104/094657.626:ERROR:chrome_browser_main_extra_parts_metrics.cc(226)] crbug.com/1216328: Checking Bluetooth availability started. Please report if there is no report that this ends.
Jan 04, 2022 09:46:57.627 [4392:12832:0104/094657.626:ERROR:chrome_browser_main_extra_parts_metrics.cc(229)] crbug.com/1216328: Checking Bluetooth availability ended.
Jan 04, 2022 09:46:57.627 [4392:12832:0104/094657.626:ERROR:chrome_browser_main_extra_parts_metrics.cc(232)] crbug.com/1216328: Checking default browser status started. Please report if there is no report that this ends.
Jan 04, 2022 09:46:57.627 [4392:15468:0104/094657.627:ERROR:device_event_log_impl.cc(214)] [09:46:57.627] USB: usb_device_handle_win.cc:1048 Failed to read descriptor from node connection: A device attached to the system is not functioning. (0x1F)
Jan 04, 2022 09:46:57.628 [4392:12832:0104/094657.627:ERROR:chrome_browser_main_extra_parts_metrics.cc(236)] crbug.com/1216328: Checking default browser status ended.
Jan 04, 2022 09:46:57.628 [4392:15468:0104/094657.628:ERROR:device_event_log_impl.cc(214)] [09:46:57.628] USB: usb_device_handle_win.cc:1048 Failed to read descriptor from node connection: A device attached to the system is not functioning. (0x1F)
Jan 04, 2022 09:46:57.631 [4392:15468:0104/094657.631:ERROR:device_event_log_impl.cc(214)] [09:46:57.631] USB: usb_device_handle_win.cc:1048 Failed to read descriptor from node connection: A device attached to the system is not functioning. (0x1F)
Jan 04, 2022 09:49:13.819 [1596:13576:0104/094913.819:ERROR:chrome_browser_main_extra_parts_metrics.cc(226)] crbug.com/1216328: Checking Bluetooth availability started. Please report if there is no report that this ends.
Jan 04, 2022 09:49:13.820 [1596:13576:0104/094913.819:ERROR:chrome_browser_main_extra_parts_metrics.cc(229)] crbug.com/1216328: Checking Bluetooth availability ended.
Jan 04, 2022 09:49:13.821 [1596:13576:0104/094913.819:ERROR:chrome_browser_main_extra_parts_metrics.cc(232)] crbug.com/1216328: Checking default browser status started. Please report if there is no report that this ends.
Jan 04, 2022 09:49:13.822 [1596:11340:0104/094913.821:ERROR:device_event_log_impl.cc(214)] [09:49:13.821] USB: usb_device_handle_win.cc:1048 Failed to read descriptor from node connection: A device attached to the system is not functioning. (0x1F)
Jan 04, 2022 09:49:13.846 [1596:11340:0104/094913.822:ERROR:device_event_log_impl.cc(214)] [09:49:13.822] USB: usb_device_handle_win.cc:1048 Failed to read descriptor from node connection: A device attached to the system is not functioning. (0x1F)
Jan 04, 2022 09:49:13.846 [1596:13576:0104/094913.822:ERROR:chrome_browser_main_extra_parts_metrics.cc(236)] crbug.com/1216328: Checking default browser status ended.
Jan 04, 2022 09:49:13.846 [1596:11340:0104/094913.825:ERROR:device_event_log_impl.cc(214)] [09:49:13.824] USB: usb_device_handle_win.cc:1048 Failed to read descriptor from node connection: A device attached to the system is not functioning. (0x1F)

Jan 04, 2022 14:15:36.734 NEW SESSION
Jan 04, 2022 14:15:36.734 [1792:16008:0104/141536.732:ERROR:chrome_browser_main_extra_parts_metrics.cc(226)] crbug.com/1216328: Checking Bluetooth availability started. Please report if there is no report that this ends.
Jan 04, 2022 14:15:36.739 [1792:6772:0104/141536.739:ERROR:device_event_log_impl.cc(214)] [14:15:36.739] USB: usb_device_handle_win.cc:1048 Failed to read descriptor from node connection: A device attached to the system is not functioning. (0x1F)
Jan 04, 2022 14:15:36.740 [1792:6772:0104/141536.740:ERROR:device_event_log_impl.cc(214)] [14:15:36.740] USB: usb_device_handle_win.cc:1048 Failed to read descriptor from node connection: A device attached to the system is not functioning. (0x1F)
Jan 04, 2022 14:15:36.744 [1792:16008:0104/141536.744:ERROR:chrome_browser_main_extra_parts_metrics.cc(229)] crbug.com/1216328: Checking Bluetooth availability ended.
Jan 04, 2022 14:15:36.745 [1792:16008:0104/141536.744:ERROR:chrome_browser_main_extra_parts_metrics.cc(232)] crbug.com/1216328: Checking default browser status started. Please report if there is no report that this ends.
Jan 04, 2022 14:15:36.746 [1792:16008:0104/141536.746:ERROR:chrome_browser_main_extra_parts_metrics.cc(236)] crbug.com/1216328: Checking default browser status ended.
Jan 04, 2022 14:17:07.728 [6656:8480:0104/141707.727:ERROR:chrome_browser_main_extra_parts_metrics.cc(226)] crbug.com/1216328: Checking Bluetooth availability started. Please report if there is no report that this ends.
Jan 04, 2022 14:17:07.730 [6656:8480:0104/141707.727:ERROR:chrome_browser_main_extra_parts_metrics.cc(229)] crbug.com/1216328: Checking Bluetooth availability ended.
Jan 04, 2022 14:17:07.730 [6656:8480:0104/141707.727:ERROR:chrome_browser_main_extra_parts_metrics.cc(232)] crbug.com/1216328: Checking default browser status started. Please report if there is no report that this ends.
Jan 04, 2022 14:17:07.731 [6656:13216:0104/141707.730:ERROR:device_event_log_impl.cc(214)] [14:17:07.730] USB: usb_device_handle_win.cc:1048 Failed to read descriptor from node connection: A device attached to the system is not functioning. (0x1F)
Jan 04, 2022 14:17:07.733 [6656:8480:0104/141707.732:ERROR:chrome_browser_main_extra_parts_metrics.cc(236)] crbug.com/1216328: Checking default browser status ended.
Jan 04, 2022 14:17:07.733 [6656:13216:0104/141707.732:ERROR:device_event_log_impl.cc(214)] [14:17:07.732] USB: usb_device_handle_win.cc:1048 Failed to read descriptor from node connection: A device attached to the system is not functioning. (0x1F)
Jan 04, 2022 14:17:07.735 [6656:13216:0104/141707.733:ERROR:device_event_log_impl.cc(214)] [14:17:07.732] USB: usb_device_handle_win.cc:1048 Failed to read descriptor from node connection: A device attached to the system is not functioning. (0x1F)
Jan 04, 2022 14:18:15.60 [2488:1384:0104/141815.059:ERROR:chrome_browser_main_extra_parts_metrics.cc(226)] crbug.com/1216328: Checking Bluetooth availability started. Please report if there is no report that this ends.
Jan 04, 2022 14:18:15.63 [2488:1384:0104/141815.059:ERROR:chrome_browser_main_extra_parts_metrics.cc(229)] crbug.com/1216328: Checking Bluetooth availability ended.
Jan 04, 2022 14:18:15.64 [2488:1384:0104/141815.059:ERROR:chrome_browser_main_extra_parts_metrics.cc(232)] crbug.com/1216328: Checking default browser status started. Please report if there is no report that this ends.
Jan 04, 2022 14:18:15.70 [2488:1436:0104/141815.069:ERROR:device_event_log_impl.cc(214)] [14:18:15.070] USB: usb_device_handle_win.cc:1048 Failed to read descriptor from node connection: A device attached to the system is not functioning. (0x1F)
Jan 04, 2022 14:18:15.92 [2488:1436:0104/141815.073:ERROR:device_event_log_impl.cc(214)] [14:18:15.073] USB: usb_device_handle_win.cc:1048 Failed to read descriptor from node connection: A device attached to the system is not functioning. (0x1F)
Jan 04, 2022 14:18:15.93 [2488:1436:0104/141815.075:ERROR:device_event_log_impl.cc(214)] [14:18:15.076] USB: usb_device_handle_win.cc:1048 Failed to read descriptor from node connection: A device attached to the system is not functioning. (0x1F)
Jan 04, 2022 14:18:15.94 [2488:1384:0104/141815.076:ERROR:chrome_browser_main_extra_parts_metrics.cc(236)] crbug.com/1216328: Checking default browser status ended.
Jan 04, 2022 14:18:45.90 [16268:14416:0104/141845.089:ERROR:chrome_browser_main_extra_parts_metrics.cc(226)] crbug.com/1216328: Checking Bluetooth availability started. Please report if there is no report that this ends.
Jan 04, 2022 14:18:45.93 [16268:14416:0104/141845.089:ERROR:chrome_browser_main_extra_parts_metrics.cc(229)] crbug.com/1216328: Checking Bluetooth availability ended.
Jan 04, 2022 14:18:45.95 [16268:14416:0104/141845.089:ERROR:chrome_browser_main_extra_parts_metrics.cc(232)] crbug.com/1216328: Checking default browser status started. Please report if there is no report that this ends.
Jan 04, 2022 14:18:45.98 [16268:6788:0104/141845.094:ERROR:device_event_log_impl.cc(214)] [14:18:45.094] USB: usb_device_handle_win.cc:1048 Failed to read descriptor from node connection: A device attached to the system is not functioning. (0x1F)
Jan 04, 2022 14:18:45.100 [16268:6788:0104/141845.097:ERROR:device_event_log_impl.cc(214)] [14:18:45.097] USB: usb_device_handle_win.cc:1048 Failed to read descriptor from node connection: A device attached to the system is not functioning. (0x1F)
Jan 04, 2022 14:18:45.125 [16268:14416:0104/141845.107:ERROR:chrome_browser_main_extra_parts_metrics.cc(236)] crbug.com/1216328: Checking default browser status ended.

Jan 05, 2022 13:06:05.794 NEW SESSION
Jan 05, 2022 13:06:05.794 [8988:14648:0105/130605.793:ERROR:chrome_browser_main_extra_parts_metrics.cc(226)] crbug.com/1216328: Checking Bluetooth availability started. Please report if there is no report that this ends.
Jan 05, 2022 13:06:05.819 [8988:14648:0105/130605.793:ERROR:chrome_browser_main_extra_parts_metrics.cc(229)] crbug.com/1216328: Checking Bluetooth availability ended.
Jan 05, 2022 13:06:05.819 [8988:14648:0105/130605.793:ERROR:chrome_browser_main_extra_parts_metrics.cc(232)] crbug.com/1216328: Checking default browser status started. Please report if there is no report that this ends.
Jan 05, 2022 13:06:05.819 [8988:14648:0105/130605.794:ERROR:chrome_browser_main_extra_parts_metrics.cc(236)] crbug.com/1216328: Checking default browser status ended.
Jan 05, 2022 13:06:05.820 [8988:4920:0105/130605.797:ERROR:device_event_log_impl.cc(214)] [13:06:05.797] USB: usb_device_handle_win.cc:1048 Failed to read descriptor from node connection: A device attached to the system is not functioning. (0x1F)
Jan 05, 2022 13:06:05.821 [8988:4920:0105/130605.798:ERROR:device_event_log_impl.cc(214)] [13:06:05.798] USB: usb_device_handle_win.cc:1048 Failed to read descriptor from node connection: A device attached to the system is not functioning. (0x1F)
Jan 05, 2022 13:06:05.822 [8988:4920:0105/130605.798:ERROR:device_event_log_impl.cc(214)] [13:06:05.798] USB: usb_device_handle_win.cc:1048 Failed to read descriptor from node connection: A device attached to the system is not functioning. (0x1F)

Jan 10, 2022 17:21:57.621 NEW SESSION
Jan 10, 2022 17:21:57.621 [10052:3464:0110/172157.620:ERROR:chrome_browser_main_extra_parts_metrics.cc(226)] crbug.com/1216328: Checking Bluetooth availability started. Please report if there is no report that this ends.
Jan 10, 2022 17:21:57.646 [10052:3464:0110/172157.620:ERROR:chrome_browser_main_extra_parts_metrics.cc(229)] crbug.com/1216328: Checking Bluetooth availability ended.
Jan 10, 2022 17:21:57.646 [10052:3464:0110/172157.620:ERROR:chrome_browser_main_extra_parts_metrics.cc(232)] crbug.com/1216328: Checking default browser status started. Please report if there is no report that this ends.
Jan 10, 2022 17:21:57.646 [10052:3464:0110/172157.621:ERROR:chrome_browser_main_extra_parts_metrics.cc(236)] crbug.com/1216328: Checking default browser status ended.
Jan 10, 2022 17:21:57.646 [10052:316:0110/172157.624:ERROR:device_event_log_impl.cc(214)] [17:21:57.624] USB: usb_device_handle_win.cc:1048 Failed to read descriptor from node connection: A device attached to the system is not functioning. (0x1F)
Jan 10, 2022 17:21:57.648 [10052:316:0110/172157.633:ERROR:device_event_log_impl.cc(214)] [17:21:57.633] USB: usb_device_handle_win.cc:1048 Failed to read descriptor from node connection: A device attached to the system is not functioning. (0x1F)
Jan 10, 2022 17:21:57.650 [10052:316:0110/172157.633:ERROR:device_event_log_impl.cc(214)] [17:21:57.633] USB: usb_device_handle_win.cc:1048 Failed to read descriptor from node connection: A device attached to the system is not functioning. (0x1F)
Jan 10, 2022 17:22:06.919 [10852:6552:0110/172206.919:ERROR:chrome_browser_main_extra_parts_metrics.cc(226)] crbug.com/1216328: Checking Bluetooth availability started. Please report if there is no report that this ends.
Jan 10, 2022 17:22:06.920 [10852:6552:0110/172206.919:ERROR:chrome_browser_main_extra_parts_metrics.cc(229)] crbug.com/1216328: Checking Bluetooth availability ended.
Jan 10, 2022 17:22:06.920 [10852:6552:0110/172206.919:ERROR:chrome_browser_main_extra_parts_metrics.cc(232)] crbug.com/1216328: Checking default browser status started. Please report if there is no report that this ends.
Jan 10, 2022 17:22:06.920 [10852:6552:0110/172206.920:ERROR:chrome_browser_main_extra_parts_metrics.cc(236)] crbug.com/1216328: Checking default browser status ended.
Jan 10, 2022 17:22:06.923 [10852:6488:0110/172206.923:ERROR:device_event_log_impl.cc(214)] [17:22:06.923] USB: usb_device_handle_win.cc:1048 Failed to read descriptor from node connection: A device attached to the system is not functioning. (0x1F)
Jan 10, 2022 17:22:06.933 [10852:6488:0110/172206.932:ERROR:device_event_log_impl.cc(214)] [17:22:06.932] USB: usb_device_handle_win.cc:1048 Failed to read descriptor from node connection: A device attached to the system is not functioning. (0x1F)
Jan 10, 2022 17:22:06.949 [10852:6488:0110/172206.932:ERROR:device_event_log_impl.cc(214)] [17:22:06.933] USB: usb_device_handle_win.cc:1048 Failed to read descriptor from node connection: A device attached to the system is not functioning. (0x1F)
Jan 10, 2022 18:16:35.972 [8836:12904:0110/181635.972:ERROR:chrome_browser_main_extra_parts_metrics.cc(226)] crbug.com/1216328: Checking Bluetooth availability started. Please report if there is no report that this ends.
Jan 10, 2022 18:16:35.973 [8836:12904:0110/181635.972:ERROR:chrome_browser_main_extra_parts_metrics.cc(229)] crbug.com/1216328: Checking Bluetooth availability ended.
Jan 10, 2022 18:16:35.974 [8836:12904:0110/181635.972:ERROR:chrome_browser_main_extra_parts_metrics.cc(232)] crbug.com/1216328: Checking default browser status started. Please report if there is no report that this ends.
Jan 10, 2022 18:16:35.974 [8836:12904:0110/181635.974:ERROR:chrome_browser_main_extra_parts_metrics.cc(236)] crbug.com/1216328: Checking default browser status ended.
Jan 10, 2022 18:16:35.979 [8836:2120:0110/181635.978:ERROR:device_event_log_impl.cc(214)] [18:16:35.978] USB: usb_device_handle_win.cc:1048 Failed to read descriptor from node connection: A device attached to the system is not functioning. (0x1F)
Jan 10, 2022 18:16:35.979 [8836:2120:0110/181635.979:ERROR:device_event_log_impl.cc(214)] [18:16:35.979] USB: usb_device_handle_win.cc:1048 Failed to read descriptor from node connection: A device attached to the system is not functioning. (0x1F)
Jan 10, 2022 18:16:35.980 [8836:2120:0110/181635.980:ERROR:device_event_log_impl.cc(214)] [18:16:35.979] USB: usb_device_handle_win.cc:1048 Failed to read descriptor from node connection: A device attached to the system is not functioning. (0x1F)
Jan 10, 2022 18:16:36.80 [8836:8848:0110/181636.080:ERROR:connection_factory_impl.cc(425)] Failed to connect to MCS endpoint with error -106
Jan 10, 2022 18:16:58.950 [8836:8848:0110/181658.950:ERROR:connection_factory_impl.cc(425)] Failed to connect to MCS endpoint with error -106
Jan 10, 2022 18:17:42.315 [8836:8848:0110/181742.315:ERROR:connection_factory_impl.cc(425)] Failed to connect to MCS endpoint with error -106
Jan 10, 2022 18:18:38.157 [10368:2952:0110/181838.157:ERROR:chrome_browser_main_extra_parts_metrics.cc(226)] crbug.com/1216328: Checking Bluetooth availability started. Please report if there is no report that this ends.
Jan 10, 2022 18:18:38.157 [10368:2952:0110/181838.157:ERROR:chrome_browser_main_extra_parts_metrics.cc(229)] crbug.com/1216328: Checking Bluetooth availability ended.
Jan 10, 2022 18:18:38.158 [10368:2952:0110/181838.157:ERROR:chrome_browser_main_extra_parts_metrics.cc(232)] crbug.com/1216328: Checking default browser status started. Please report if there is no report that this ends.
Jan 10, 2022 18:18:38.158 [10368:2952:0110/181838.158:ERROR:chrome_browser_main_extra_parts_metrics.cc(236)] crbug.com/1216328: Checking default browser status ended.
Jan 10, 2022 18:18:38.161 [10368:3076:0110/181838.161:ERROR:device_event_log_impl.cc(214)] [18:18:38.161] USB: usb_device_handle_win.cc:1048 Failed to read descriptor from node connection: A device attached to the system is not functioning. (0x1F)
Jan 10, 2022 18:18:38.162 [10368:3076:0110/181838.162:ERROR:device_event_log_impl.cc(214)] [18:18:38.162] USB: usb_device_handle_win.cc:1048 Failed to read descriptor from node connection: A device attached to the system is not functioning. (0x1F)
Jan 10, 2022 18:18:38.162 [10368:3076:0110/181838.162:ERROR:device_event_log_impl.cc(214)] [18:18:38.162] USB: usb_device_handle_win.cc:1048 Failed to read descriptor from node connection: A device attached to the system is not functioning. (0x1F)
Jan 10, 2022 18:18:38.199 [10368:10540:0110/181838.199:ERROR:connection_factory_impl.cc(425)] Failed to connect to MCS endpoint with error -106
Jan 10, 2022 18:18:53.431 [10004:12320:0110/181853.431:ERROR:chrome_browser_main_extra_parts_metrics.cc(226)] crbug.com/1216328: Checking Bluetooth availability started. Please report if there is no report that this ends.
Jan 10, 2022 18:18:53.432 [10004:12320:0110/181853.431:ERROR:chrome_browser_main_extra_parts_metrics.cc(229)] crbug.com/1216328: Checking Bluetooth availability ended.
Jan 10, 2022 18:18:53.432 [10004:12320:0110/181853.431:ERROR:chrome_browser_main_extra_parts_metrics.cc(232)] crbug.com/1216328: Checking default browser status started. Please report if there is no report that this ends.
Jan 10, 2022 18:18:53.432 [10004:12320:0110/181853.432:ERROR:chrome_browser_main_extra_parts_metrics.cc(236)] crbug.com/1216328: Checking default browser status ended.
Jan 10, 2022 18:18:53.435 [10004:12900:0110/181853.435:ERROR:device_event_log_impl.cc(214)] [18:18:53.435] USB: usb_device_handle_win.cc:1048 Failed to read descriptor from node connection: A device attached to the system is not functioning. (0x1F)
Jan 10, 2022 18:18:53.436 [10004:12900:0110/181853.435:ERROR:device_event_log_impl.cc(214)] [18:18:53.436] USB: usb_device_handle_win.cc:1048 Failed to read descriptor from node connection: A device attached to the system is not functioning. (0x1F)
Jan 10, 2022 18:18:53.436 [10004:12900:0110/181853.436:ERROR:device_event_log_impl.cc(214)] [18:18:53.436] USB: usb_device_handle_win.cc:1048 Failed to read descriptor from node connection: A device attached to the system is not functioning. (0x1F)
Jan 10, 2022 18:18:53.474 [10004:8512:0110/181853.474:ERROR:connection_factory_impl.cc(425)] Failed to connect to MCS endpoint with error -106
Jan 10, 2022 18:19:17.501 [10004:8512:0110/181917.500:ERROR:connection_factory_impl.cc(425)] Failed to connect to MCS endpoint with error -106
Jan 10, 2022 18:20:00.932 [10004:8512:0110/182000.931:ERROR:connection_factory_impl.cc(425)] Failed to connect to MCS endpoint with error -106
Jan 10, 2022 18:21:47.110 [10004:8512:0110/182147.109:ERROR:connection_factory_impl.cc(425)] Failed to connect to MCS endpoint with error -106
Jan 10, 2022 18:23:55.675 [8528:11812:0110/182355.675:ERROR:chrome_browser_main_extra_parts_metrics.cc(226)] crbug.com/1216328: Checking Bluetooth availability started. Please report if there is no report that this ends.
Jan 10, 2022 18:23:55.676 [8528:11812:0110/182355.675:ERROR:chrome_browser_main_extra_parts_metrics.cc(229)] crbug.com/1216328: Checking Bluetooth availability ended.
Jan 10, 2022 18:23:55.677 [8528:11812:0110/182355.675:ERROR:chrome_browser_main_extra_parts_metrics.cc(232)] crbug.com/1216328: Checking default browser status started. Please report if there is no report that this ends.
Jan 10, 2022 18:23:55.678 [8528:11812:0110/182355.677:ERROR:chrome_browser_main_extra_parts_metrics.cc(236)] crbug.com/1216328: Checking default browser status ended.
Jan 10, 2022 18:23:55.688 [8528:11608:0110/182355.687:ERROR:device_event_log_impl.cc(214)] [18:23:55.687] USB: usb_device_handle_win.cc:1048 Failed to read descriptor from node connection: A device attached to the system is not functioning. (0x1F)
Jan 10, 2022 18:23:55.689 [8528:11608:0110/182355.689:ERROR:device_event_log_impl.cc(214)] [18:23:55.688] USB: usb_device_handle_win.cc:1048 Failed to read descriptor from node connection: A device attached to the system is not functioning. (0x1F)
Jan 10, 2022 18:23:55.690 [8528:11608:0110/182355.690:ERROR:device_event_log_impl.cc(214)] [18:23:55.689] USB: usb_device_handle_win.cc:1048 Failed to read descriptor from node connection: A device attached to the system is not functioning. (0x1F)
Jan 10, 2022 18:23:57.697 [8528:11608:0110/182357.696:ERROR:interface_endpoint_client.cc(658)] Message 0 rejected by interface blink.mojom.WidgetHost
Jan 10, 2022 18:24:21.917 [8048:6100:0110/182421.916:ERROR:chrome_browser_main_extra_parts_metrics.cc(226)] crbug.com/1216328: Checking Bluetooth availability started. Please report if there is no report that this ends.
Jan 10, 2022 18:24:21.917 [8048:6100:0110/182421.916:ERROR:chrome_browser_main_extra_parts_metrics.cc(229)] crbug.com/1216328: Checking Bluetooth availability ended.
Jan 10, 2022 18:24:21.917 [8048:6100:0110/182421.916:ERROR:chrome_browser_main_extra_parts_metrics.cc(232)] crbug.com/1216328: Checking default browser status started. Please report if there is no report that this ends.
Jan 10, 2022 18:24:21.918 [8048:6100:0110/182421.917:ERROR:chrome_browser_main_extra_parts_metrics.cc(236)] crbug.com/1216328: Checking default browser status ended.
Jan 10, 2022 18:24:21.921 [8048:468:0110/182421.921:ERROR:device_event_log_impl.cc(214)] [18:24:21.921] USB: usb_device_handle_win.cc:1048 Failed to read descriptor from node connection: A device attached to the system is not functioning. (0x1F)
Jan 10, 2022 18:24:21.922 [8048:468:0110/182421.922:ERROR:device_event_log_impl.cc(214)] [18:24:21.922] USB: usb_device_handle_win.cc:1048 Failed to read descriptor from node connection: A device attached to the system is not functioning. (0x1F)
Jan 10, 2022 18:24:21.922 [8048:468:0110/182421.922:ERROR:device_event_log_impl.cc(214)] [18:24:21.922] USB: usb_device_handle_win.cc:1048 Failed to read descriptor from node connection: A device attached to the system is not functioning. (0x1F)
Jan 10, 2022 18:24:48.496 [7024:7228:0110/182448.496:ERROR:chrome_browser_main_extra_parts_metrics.cc(226)] crbug.com/1216328: Checking Bluetooth availability started. Please report if there is no report that this ends.
Jan 10, 2022 18:24:48.496 [7024:7228:0110/182448.496:ERROR:chrome_browser_main_extra_parts_metrics.cc(229)] crbug.com/1216328: Checking Bluetooth availability ended.
Jan 10, 2022 18:24:48.497 [7024:7228:0110/182448.496:ERROR:chrome_browser_main_extra_parts_metrics.cc(232)] crbug.com/1216328: Checking default browser status started. Please report if there is no report that this ends.
Jan 10, 2022 18:24:48.497 [7024:7228:0110/182448.497:ERROR:chrome_browser_main_extra_parts_metrics.cc(236)] crbug.com/1216328: Checking default browser status ended.
Jan 10, 2022 18:24:48.500 [7024:6692:0110/182448.500:ERROR:device_event_log_impl.cc(214)] [18:24:48.500] USB: usb_device_handle_win.cc:1048 Failed to read descriptor from node connection: A device attached to the system is not functioning. (0x1F)
Jan 10, 2022 18:24:48.501 [7024:6692:0110/182448.501:ERROR:device_event_log_impl.cc(214)] [18:24:48.501] USB: usb_device_handle_win.cc:1048 Failed to read descriptor from node connection: A device attached to the system is not functioning. (0x1F)
Jan 10, 2022 18:24:48.501 [7024:6692:0110/182448.501:ERROR:device_event_log_impl.cc(214)] [18:24:48.501] USB: usb_device_handle_win.cc:1048 Failed to read descriptor from node connection: A device attached to the system is not functioning. (0x1F)
Jan 10, 2022 18:25:10.945 [3088:4984:0110/182510.945:ERROR:chrome_browser_main_extra_parts_metrics.cc(226)] crbug.com/1216328: Checking Bluetooth availability started. Please report if there is no report that this ends.
Jan 10, 2022 18:25:10.946 [3088:4984:0110/182510.945:ERROR:chrome_browser_main_extra_parts_metrics.cc(229)] crbug.com/1216328: Checking Bluetooth availability ended.
Jan 10, 2022 18:25:10.946 [3088:4984:0110/182510.945:ERROR:chrome_browser_main_extra_parts_metrics.cc(232)] crbug.com/1216328: Checking default browser status started. Please report if there is no report that this ends.
Jan 10, 2022 18:25:10.946 [3088:4984:0110/182510.946:ERROR:chrome_browser_main_extra_parts_metrics.cc(236)] crbug.com/1216328: Checking default browser status ended.
Jan 10, 2022 18:25:10.950 [3088:1492:0110/182510.950:ERROR:device_event_log_impl.cc(214)] [18:25:10.949] USB: usb_device_handle_win.cc:1048 Failed to read descriptor from node connection: A device attached to the system is not functioning. (0x1F)
Jan 10, 2022 18:25:10.951 [3088:1492:0110/182510.950:ERROR:device_event_log_impl.cc(214)] [18:25:10.950] USB: usb_device_handle_win.cc:1048 Failed to read descriptor from node connection: A device attached to the system is not functioning. (0x1F)
Jan 10, 2022 18:25:10.951 [3088:1492:0110/182510.951:ERROR:device_event_log_impl.cc(214)] [18:25:10.950] USB: usb_device_handle_win.cc:1048 Failed to read descriptor from node connection: A device attached to the system is not functioning. (0x1F)
Jan 10, 2022 19:19:11.857 [10280:11372:0110/191911.857:ERROR:chrome_browser_main_extra_parts_metrics.cc(226)] crbug.com/1216328: Checking Bluetooth availability started. Please report if there is no report that this ends.
Jan 10, 2022 19:19:11.857 [10280:11372:0110/191911.857:ERROR:chrome_browser_main_extra_parts_metrics.cc(229)] crbug.com/1216328: Checking Bluetooth availability ended.
Jan 10, 2022 19:19:11.857 [10280:11372:0110/191911.857:ERROR:chrome_browser_main_extra_parts_metrics.cc(232)] crbug.com/1216328: Checking default browser status started. Please report if there is no report that this ends.
Jan 10, 2022 19:19:11.858 [10280:11372:0110/191911.858:ERROR:chrome_browser_main_extra_parts_metrics.cc(236)] crbug.com/1216328: Checking default browser status ended.
Jan 10, 2022 19:19:11.860 [10280:11408:0110/191911.860:ERROR:device_event_log_impl.cc(214)] [19:19:11.859] USB: usb_device_handle_win.cc:1048 Failed to read descriptor from node connection: A device attached to the system is not functioning. (0x1F)
Jan 10, 2022 19:19:11.883 [10280:11408:0110/191911.861:ERROR:device_event_log_impl.cc(214)] [19:19:11.860] USB: usb_device_handle_win.cc:1048 Failed to read descriptor from node connection: A device attached to the system is not functioning. (0x1F)
Jan 10, 2022 19:19:11.883 [10280:11408:0110/191911.861:ERROR:device_event_log_impl.cc(214)] [19:19:11.860] USB: usb_device_handle_win.cc:1048 Failed to read descriptor from node connection: A device attached to the system is not functioning. (0x1F)

Jan 11, 2022 18:20:12.959 NEW SESSION
Jan 11, 2022 18:20:12.959 [4440:2576:0111/182012.936:ERROR:chrome_browser_main_extra_parts_metrics.cc(226)] crbug.com/1216328: Checking Bluetooth availability started. Please report if there is no report that this ends.
Jan 11, 2022 18:20:12.962 [4440:2576:0111/182012.936:ERROR:chrome_browser_main_extra_parts_metrics.cc(229)] crbug.com/1216328: Checking Bluetooth availability ended.
Jan 11, 2022 18:20:12.962 [4440:2576:0111/182012.936:ERROR:chrome_browser_main_extra_parts_metrics.cc(232)] crbug.com/1216328: Checking default browser status started. Please report if there is no report that this ends.
Jan 11, 2022 18:20:12.963 [4440:2576:0111/182012.937:ERROR:chrome_browser_main_extra_parts_metrics.cc(236)] crbug.com/1216328: Checking default browser status ended.
Jan 11, 2022 18:33:09.742 [8348:9012:0111/183309.742:ERROR:chrome_browser_main_extra_parts_metrics.cc(226)] crbug.com/1216328: Checking Bluetooth availability started. Please report if there is no report that this ends.
Jan 11, 2022 18:33:09.743 [8348:9012:0111/183309.742:ERROR:chrome_browser_main_extra_parts_metrics.cc(229)] crbug.com/1216328: Checking Bluetooth availability ended.
Jan 11, 2022 18:33:09.743 [8348:9012:0111/183309.742:ERROR:chrome_browser_main_extra_parts_metrics.cc(232)] crbug.com/1216328: Checking default browser status started. Please report if there is no report that this ends.
Jan 11, 2022 18:33:09.744 [8348:9012:0111/183309.743:ERROR:chrome_browser_main_extra_parts_metrics.cc(236)] crbug.com/1216328: Checking default browser status ended.
Jan 11, 2022 18:33:09.746 [8348:2524:0111/183309.746:ERROR:device_event_log_impl.cc(214)] [18:33:09.746] USB: usb_device_handle_win.cc:1048 Failed to read descriptor from node connection: A device attached to the system is not functioning. (0x1F)
Jan 11, 2022 18:33:09.768 [8348:2524:0111/183309.746:ERROR:device_event_log_impl.cc(214)] [18:33:09.746] USB: usb_device_handle_win.cc:1048 Failed to read descriptor from node connection: A device attached to the system is not functioning. (0x1F)
Jan 11, 2022 18:33:09.769 [8348:2524:0111/183309.747:ERROR:device_event_log_impl.cc(214)] [18:33:09.746] USB: usb_device_handle_win.cc:1048 Failed to read descriptor from node connection: A device attached to the system is not functioning. (0x1F)

Jan 18, 2022 10:41:39.52 NEW SESSION
Jan 18, 2022 10:41:39.52 [12312:8828:0118/104139.050:ERROR:chrome_browser_main_extra_parts_metrics.cc(227)] START: ReportBluetoothAvailability(). If you don't see the END: message, this is crbug.com/1216328.
Jan 18, 2022 10:41:39.53 [12312:8828:0118/104139.051:ERROR:chrome_browser_main_extra_parts_metrics.cc(230)] END: ReportBluetoothAvailability()
Jan 18, 2022 10:41:39.53 [12312:8828:0118/104139.051:ERROR:chrome_browser_main_extra_parts_metrics.cc(235)] START: GetDefaultBrowser(). If you don't see the END: message, this is crbug.com/1216328.
Jan 18, 2022 10:41:39.53 [12312:8828:0118/104139.053:ERROR:chrome_browser_main_extra_parts_metrics.cc(239)] END: GetDefaultBrowser()
Jan 18, 2022 10:41:39.58 [12312:5324:0118/104139.058:ERROR:device_event_log_impl.cc(214)] [10:41:39.059] USB: usb_device_handle_win.cc:1050 Failed to read descriptor from node connection: A device attached to the system is not functioning. (0x1F)
Jan 18, 2022 10:41:39.59 [12312:5324:0118/104139.058:ERROR:device_event_log_impl.cc(214)] [10:41:39.059] USB: usb_device_handle_win.cc:1050 Failed to read descriptor from node connection: A device attached to the system is not functioning. (0x1F)
